
2016-07-06 07:06:12...installerHook: Could not find custom/install/install_hooks.php
2016-07-06 07:06:21...installerHook: Could not find custom/install/install_hooks.php
2016-07-06 07:06:26...installerHook: Could not find custom/install/install_hooks.php
2016-07-06 07:06:29...Begin System Check Process *************
2016-07-06 07:06:29...Your version of PHP is not supported by Sugar.  You will need to install a version that is compatible with the Sugar application.  Please consult the Compatibility Matrix in the Release Notes for supported PHP Versions. Your version is   5.6.20-0+deb8u1
2016-07-06 07:06:29...XML Parsing Support Found
2016-07-06 07:06:29...MBString Support Found
2016-07-06 07:06:29...ZIP Support Found
2016-07-06 07:06:29.../custom directory and subdirectory check passed
2016-07-06 07:06:29...cache directory and subdirectory check passed
2016-07-06 07:06:29.../module  directory and subdirectory check passed
2016-07-06 07:06:29.../upload directory check passed
2016-07-06 07:06:29.../zip check passed
2016-07-06 07:06:29.../BCMATH check passed
2016-07-06 07:06:29...Testing .htaccess redirects
2016-07-06 07:06:29...Passed .htaccess redirects check
2016-07-06 07:06:29...installerHook: Could not find custom/install/install_hooks.php
2016-07-06 07:06:29...php.ini location found. /etc/php5/apache2/php.ini
2016-07-06 07:06:29...Outputting HTML for System check
2016-07-06 07:06:29...Errors were found *************
2016-07-06 07:08:13...Begin System Check Process *************
2016-07-06 07:08:13...XML Parsing Support Found
2016-07-06 07:08:13...MBString Support Found
2016-07-06 07:08:13...ZIP Support Found
2016-07-06 07:08:13.../custom directory and subdirectory check passed
2016-07-06 07:08:13...cache directory and subdirectory check passed
2016-07-06 07:08:13.../module  directory and subdirectory check passed
2016-07-06 07:08:13.../upload directory check passed
2016-07-06 07:08:13.../zip check passed
2016-07-06 07:08:13.../BCMATH check passed
2016-07-06 07:08:13...Testing .htaccess redirects
2016-07-06 07:08:13...Passed .htaccess redirects check
2016-07-06 07:08:13...installerHook: Could not find custom/install/install_hooks.php
2016-07-06 07:08:13...php.ini location found. /etc/php5/apache2/php.ini
2016-07-06 07:08:13...Outputting HTML for System check
2016-07-06 07:08:13...No Errors were found *************
2016-07-06 07:08:16...installerHook: Could not find custom/install/install_hooks.php
2016-07-06 07:08:50...installerHook: Could not find custom/install/install_hooks.php
2016-07-06 07:08:51...installerHook: Could not find custom/install/install_hooks.php
2016-07-06 07:09:05...Begin DB Check Process *************
2016-07-06 07:09:05...testing with mysql:mysqli
2016-07-06 07:09:05...Basic form info is valid, continuing Process.
2016-07-06 07:09:05...Testing user account...
2016-07-06 07:09:05...Connection made using  host: localhost, usr: root
2016-07-06 07:09:05...Testing priviliged account...
2016-07-06 07:09:05...Connection made using  host: localhost, usr: root
2016-07-06 07:09:05...DB not selected, will create sugarcrm
2016-07-06 07:09:05...Passed DB install check
2016-07-06 07:09:05...Begining to check FTS Settings.
2016-07-06 07:09:06...FTS connection results: array (
  'valid' => true,
  'status' => 'Success',
)
2016-07-06 07:09:06...SUCCESS:: no errors detected!
2016-07-06 07:09:06...End DB Check Process *************
2016-07-06 07:09:06...installerHook: Could not find custom/install/install_hooks.php
2016-07-06 07:09:14...installerHook: Could not find custom/install/install_hooks.php
2016-07-06 07:09:16...installerHook: Could not find custom/install/install_hooks.php
2016-07-06 07:09:22...installerHook: Could not find custom/install/install_hooks.php
2016-07-06 07:09:22...calling handleSugarConfig()
2016-07-06 07:09:22...calling handleLog4Php()
2016-07-06 07:09:22...calling handleHtaccess()
2016-07-06 07:09:22...calling handleDbCreateDatabase()
2016-07-06 07:09:22...Enabling fulltext indexing
2016-07-06 07:09:22...looping through all the Beans and create their tables
2016-07-06 07:09:22...processing table acl_actions
2016-07-06 07:09:22...creating table acl_actions
2016-07-06 07:09:22...creating Relationship Meta for ACLAction
2016-07-06 07:09:22...processing table acl_roles
2016-07-06 07:09:22...creating table acl_roles
2016-07-06 07:09:22...creating Relationship Meta for ACLRole
2016-07-06 07:09:22...processing table relationships
2016-07-06 07:09:22...creating table relationships
2016-07-06 07:09:22...creating Relationship Meta for Relationship
2016-07-06 07:09:22...processing table acl_role_sets
2016-07-06 07:09:23...creating table acl_role_sets
2016-07-06 07:09:23...creating Relationship Meta for ACLRoleSet
2016-07-06 07:09:23...processing table leads
2016-07-06 07:09:23...creating table leads
2016-07-06 07:09:23...creating Relationship Meta for Lead
2016-07-06 07:09:24...processing table cases
2016-07-06 07:09:24...creating table cases
2016-07-06 07:09:24...creating Relationship Meta for Case
2016-07-06 07:09:24...processing table bugs
2016-07-06 07:09:25...creating table bugs
2016-07-06 07:09:25...creating Relationship Meta for Bug
2016-07-06 07:09:25...processing table users
2016-07-06 07:09:26...creating table users
2016-07-06 07:09:26...creating Relationship Meta for User
2016-07-06 07:09:27...processing table campaign_log
2016-07-06 07:09:27...creating table campaign_log
2016-07-06 07:09:27...creating Relationship Meta for CampaignLog
2016-07-06 07:09:27...processing table project
2016-07-06 07:09:28...creating table project
2016-07-06 07:09:28...creating Relationship Meta for Project
2016-07-06 07:09:28...processing table project_task
2016-07-06 07:09:28...creating table project_task
2016-07-06 07:09:28...creating Relationship Meta for ProjectTask
2016-07-06 07:09:29...processing table campaigns
2016-07-06 07:09:29...creating table campaigns
2016-07-06 07:09:29...creating Relationship Meta for Campaign
2016-07-06 07:09:30...processing table prospect_lists
2016-07-06 07:09:30...creating table prospect_lists
2016-07-06 07:09:30...creating Relationship Meta for ProspectList
2016-07-06 07:09:30...processing table prospects
2016-07-06 07:09:30...creating table prospects
2016-07-06 07:09:30...creating Relationship Meta for Prospect
2016-07-06 07:09:31...processing table email_marketing
2016-07-06 07:09:32...creating table email_marketing
2016-07-06 07:09:32...creating Relationship Meta for EmailMarketing
2016-07-06 07:09:32...processing table campaign_trkrs
2016-07-06 07:09:32...creating table campaign_trkrs
2016-07-06 07:09:32...creating Relationship Meta for CampaignTracker
2016-07-06 07:09:32...processing table releases
2016-07-06 07:09:32...creating table releases
2016-07-06 07:09:32...creating Relationship Meta for Release
2016-07-06 07:09:32...processing table emailman
2016-07-06 07:09:32...creating table emailman
2016-07-06 07:09:32...creating Relationship Meta for EmailMan
2016-07-06 07:09:32...processing table schedulers
2016-07-06 07:09:32...creating table schedulers
2016-07-06 07:09:32...creating Relationship Meta for Scheduler
2016-07-06 07:09:33...processing table job_queue
2016-07-06 07:09:33...creating table job_queue
2016-07-06 07:09:33...creating Relationship Meta for SchedulersJob
2016-07-06 07:09:33...processing table contacts
2016-07-06 07:09:33...creating table contacts
2016-07-06 07:09:33...creating Relationship Meta for Contact
2016-07-06 07:09:34...processing table accounts
2016-07-06 07:09:34...creating table accounts
2016-07-06 07:09:34...creating Relationship Meta for Account
2016-07-06 07:09:35...processing table opportunities
2016-07-06 07:09:35...creating table opportunities
2016-07-06 07:09:35...creating Relationship Meta for Opportunity
2016-07-06 07:09:35...processing table email_templates
2016-07-06 07:09:36...creating table email_templates
2016-07-06 07:09:36...creating Relationship Meta for EmailTemplate
2016-07-06 07:09:36...processing table users_signatures
2016-07-06 07:09:36...creating table users_signatures
2016-07-06 07:09:36...creating Relationship Meta for UserSignature
2016-07-06 07:09:36...processing table notes
2016-07-06 07:09:37...creating table notes
2016-07-06 07:09:37...creating Relationship Meta for Note
2016-07-06 07:09:37...processing table calls
2016-07-06 07:09:37...creating table calls
2016-07-06 07:09:37...creating Relationship Meta for Call
2016-07-06 07:09:37...processing table emails
2016-07-06 07:09:38...creating table emails
2016-07-06 07:09:38...creating Relationship Meta for Email
2016-07-06 07:09:38...processing table meetings
2016-07-06 07:09:39...creating table meetings
2016-07-06 07:09:39...creating Relationship Meta for Meeting
2016-07-06 07:09:39...processing table tasks
2016-07-06 07:09:39...creating table tasks
2016-07-06 07:09:39...creating Relationship Meta for Task
2016-07-06 07:09:40...processing table users
2016-07-06 07:09:40...processing table users
2016-07-06 07:09:40...processing table currencies
2016-07-06 07:09:40...creating table currencies
2016-07-06 07:09:40...creating Relationship Meta for Currency
2016-07-06 07:09:40...processing table tracker
2016-07-06 07:09:41...creating table tracker
2016-07-06 07:09:41...creating Relationship Meta for Tracker
2016-07-06 07:09:41...processing table tracker_perf
2016-07-06 07:09:41...creating table tracker_perf
2016-07-06 07:09:41...creating Relationship Meta for tracker_perf
2016-07-06 07:09:41...processing table tracker_sessions
2016-07-06 07:09:41...creating table tracker_sessions
2016-07-06 07:09:41...creating Relationship Meta for tracker_sessions
2016-07-06 07:09:41...processing table tracker_queries
2016-07-06 07:09:41...creating table tracker_queries
2016-07-06 07:09:41...creating Relationship Meta for tracker_queries
2016-07-06 07:09:41...processing table import_maps
2016-07-06 07:09:41...creating table import_maps
2016-07-06 07:09:41...creating Relationship Meta for ImportMap
2016-07-06 07:09:41...processing table users_last_import
2016-07-06 07:09:41...creating table users_last_import
2016-07-06 07:09:41...creating Relationship Meta for UsersLastImport
2016-07-06 07:09:41...processing table config
2016-07-06 07:09:41...creating table config
2016-07-06 07:09:41...creating Relationship Meta for Administration
2016-07-06 07:09:41...processing table upgrade_history
2016-07-06 07:09:41...creating table upgrade_history
2016-07-06 07:09:41...creating Relationship Meta for UpgradeHistory
2016-07-06 07:09:41...processing table vcals
2016-07-06 07:09:41...creating table vcals
2016-07-06 07:09:41...creating Relationship Meta for vCal
2016-07-06 07:09:41...processing table versions
2016-07-06 07:09:42...creating table versions
2016-07-06 07:09:42...creating Relationship Meta for Version
2016-07-06 07:09:42...processing table roles
2016-07-06 07:09:42...creating table roles
2016-07-06 07:09:42...creating Relationship Meta for Role
2016-07-06 07:09:42...processing table documents
2016-07-06 07:09:42...creating table documents
2016-07-06 07:09:42...creating Relationship Meta for Document
2016-07-06 07:09:42...processing table document_revisions
2016-07-06 07:09:42...creating table document_revisions
2016-07-06 07:09:42...creating Relationship Meta for DocumentRevision
2016-07-06 07:09:42...processing table fields_meta_data
2016-07-06 07:09:43...creating table fields_meta_data
2016-07-06 07:09:43...creating Relationship Meta for FieldsMetaData
2016-07-06 07:09:43...processing table inbound_email
2016-07-06 07:09:43...creating table inbound_email
2016-07-06 07:09:43...creating Relationship Meta for InboundEmail
2016-07-06 07:09:43...processing table saved_search
2016-07-06 07:09:43...creating table saved_search
2016-07-06 07:09:43...creating Relationship Meta for SavedSearch
2016-07-06 07:09:44...processing table user_preferences
2016-07-06 07:09:44...creating table user_preferences
2016-07-06 07:09:44...creating Relationship Meta for UserPreference
2016-07-06 07:09:44...processing table 
2016-07-06 07:09:44...processing table email_addresses
2016-07-06 07:09:44...creating table email_addresses
2016-07-06 07:09:44...creating Relationship Meta for EmailAddress
2016-07-06 07:09:44...processing table emails_text
2016-07-06 07:09:44...creating table emails_text
2016-07-06 07:09:44...creating Relationship Meta for EmailText
2016-07-06 07:09:44...processing table saved_reports
2016-07-06 07:09:44...creating table saved_reports
2016-07-06 07:09:44...creating Relationship Meta for SavedReport
2016-07-06 07:09:44...processing table acl_fields
2016-07-06 07:09:44...creating table acl_fields
2016-07-06 07:09:44...creating Relationship Meta for ACLField
2016-07-06 07:09:44...processing table contracts
2016-07-06 07:09:45...creating table contracts
2016-07-06 07:09:45...creating Relationship Meta for Contract
2016-07-06 07:09:45...processing table teams
2016-07-06 07:09:45...creating table teams
2016-07-06 07:09:45...creating Relationship Meta for Team
2016-07-06 07:09:45...processing table team_memberships
2016-07-06 07:09:46...creating table team_memberships
2016-07-06 07:09:46...creating Relationship Meta for TeamMembership
2016-07-06 07:09:46...processing table team_sets
2016-07-06 07:09:46...creating table team_sets
2016-07-06 07:09:46...creating Relationship Meta for TeamSet
2016-07-06 07:09:46...processing table team_sets_modules
2016-07-06 07:09:46...creating table team_sets_modules
2016-07-06 07:09:46...creating Relationship Meta for TeamSetModule
2016-07-06 07:09:46...processing table team_notices
2016-07-06 07:09:46...creating table team_notices
2016-07-06 07:09:46...creating Relationship Meta for TeamNotices
2016-07-06 07:09:46...processing table product_templates
2016-07-06 07:09:46...creating table product_templates
2016-07-06 07:09:46...creating Relationship Meta for ProductTemplate
2016-07-06 07:09:46...processing table product_types
2016-07-06 07:09:46...creating table product_types
2016-07-06 07:09:46...creating Relationship Meta for ProductType
2016-07-06 07:09:46...processing table product_categories
2016-07-06 07:09:47...creating table product_categories
2016-07-06 07:09:47...creating Relationship Meta for ProductCategory
2016-07-06 07:09:47...processing table manufacturers
2016-07-06 07:09:47...creating table manufacturers
2016-07-06 07:09:47...creating Relationship Meta for Manufacturer
2016-07-06 07:09:47...processing table quotes
2016-07-06 07:09:47...creating table quotes
2016-07-06 07:09:47...creating Relationship Meta for Quote
2016-07-06 07:09:48...processing table product_bundle_notes
2016-07-06 07:09:48...creating table product_bundle_notes
2016-07-06 07:09:48...creating Relationship Meta for ProductBundleNote
2016-07-06 07:09:48...processing table products
2016-07-06 07:09:48...creating table products
2016-07-06 07:09:48...creating Relationship Meta for Product
2016-07-06 07:09:49...processing table product_bundles
2016-07-06 07:09:49...creating table product_bundles
2016-07-06 07:09:49...creating Relationship Meta for ProductBundle
2016-07-06 07:09:49...processing table revenue_line_items
2016-07-06 07:09:49...creating table revenue_line_items
2016-07-06 07:09:49...creating Relationship Meta for RevenueLineItem
2016-07-06 07:09:50...processing table shippers
2016-07-06 07:09:50...creating table shippers
2016-07-06 07:09:50...creating Relationship Meta for Shipper
2016-07-06 07:09:50...processing table taxrates
2016-07-06 07:09:50...creating table taxrates
2016-07-06 07:09:50...creating Relationship Meta for TaxRate
2016-07-06 07:09:50...processing table timeperiods
2016-07-06 07:09:50...creating table timeperiods
2016-07-06 07:09:50...creating Relationship Meta for TimePeriod
2016-07-06 07:09:50...processing table timeperiods
2016-07-06 07:09:50...processing table timeperiods
2016-07-06 07:09:50...processing table timeperiods
2016-07-06 07:09:50...processing table timeperiods
2016-07-06 07:09:50...processing table timeperiods
2016-07-06 07:09:50...processing table timeperiods
2016-07-06 07:09:50...processing table forecasts
2016-07-06 07:09:50...creating table forecasts
2016-07-06 07:09:50...creating Relationship Meta for Forecast
2016-07-06 07:09:50...processing table forecast_worksheets
2016-07-06 07:09:51...creating table forecast_worksheets
2016-07-06 07:09:51...creating Relationship Meta for ForecastWorksheet
2016-07-06 07:09:51...processing table forecast_manager_worksheets
2016-07-06 07:09:51...creating table forecast_manager_worksheets
2016-07-06 07:09:51...creating Relationship Meta for ForecastManagerWorksheet
2016-07-06 07:09:51...processing table opportunities
2016-07-06 07:09:51...processing table users
2016-07-06 07:09:51...processing table quotas
2016-07-06 07:09:51...creating table quotas
2016-07-06 07:09:51...creating Relationship Meta for Quota
2016-07-06 07:09:52...processing table workflow
2016-07-06 07:09:52...creating table workflow
2016-07-06 07:09:52...creating Relationship Meta for WorkFlow
2016-07-06 07:09:52...processing table workflow_triggershells
2016-07-06 07:09:52...creating table workflow_triggershells
2016-07-06 07:09:52...creating Relationship Meta for WorkFlowTriggerShell
2016-07-06 07:09:52...processing table workflow_alertshells
2016-07-06 07:09:52...creating table workflow_alertshells
2016-07-06 07:09:52...creating Relationship Meta for WorkFlowAlertShell
2016-07-06 07:09:52...processing table workflow_alerts
2016-07-06 07:09:52...creating table workflow_alerts
2016-07-06 07:09:52...creating Relationship Meta for WorkFlowAlert
2016-07-06 07:09:52...processing table workflow_actionshells
2016-07-06 07:09:52...creating table workflow_actionshells
2016-07-06 07:09:52...creating Relationship Meta for WorkFlowActionShell
2016-07-06 07:09:52...processing table workflow_actions
2016-07-06 07:09:52...creating table workflow_actions
2016-07-06 07:09:52...creating Relationship Meta for WorkFlowAction
2016-07-06 07:09:52...processing table expressions
2016-07-06 07:09:52...creating table expressions
2016-07-06 07:09:52...creating Relationship Meta for Expression
2016-07-06 07:09:52...processing table systems
2016-07-06 07:09:53...creating table systems
2016-07-06 07:09:53...creating Relationship Meta for System
2016-07-06 07:09:53...processing table session_active
2016-07-06 07:09:53...creating table session_active
2016-07-06 07:09:53...creating Relationship Meta for SessionManager
2016-07-06 07:09:53...processing table kbdocuments
2016-07-06 07:09:53...creating table kbdocuments
2016-07-06 07:09:53...creating Relationship Meta for KBDocument
2016-07-06 07:09:54...processing table kbdocument_revisions
2016-07-06 07:09:54...creating table kbdocument_revisions
2016-07-06 07:09:54...creating Relationship Meta for KBDocumentRevision
2016-07-06 07:09:54...processing table kbtags
2016-07-06 07:09:54...creating table kbtags
2016-07-06 07:09:54...creating Relationship Meta for KBTag
2016-07-06 07:09:54...processing table kbdocuments_kbtags
2016-07-06 07:09:54...creating table kbdocuments_kbtags
2016-07-06 07:09:54...creating Relationship Meta for KBDocumentKBTag
2016-07-06 07:09:54...processing table kbcontents
2016-07-06 07:09:54...creating table kbcontents
2016-07-06 07:09:54...creating Relationship Meta for KBContent
2016-07-06 07:09:55...processing table contract_types
2016-07-06 07:09:55...creating table contract_types
2016-07-06 07:09:55...creating Relationship Meta for ContractType
2016-07-06 07:09:55...processing table project_resources
2016-07-06 07:09:55...creating table project_resources
2016-07-06 07:09:55...creating Relationship Meta for ProjectResource
2016-07-06 07:09:55...processing table holidays
2016-07-06 07:09:55...creating table holidays
2016-07-06 07:09:55...creating Relationship Meta for Holiday
2016-07-06 07:09:55...processing table custom_queries
2016-07-06 07:09:55...creating table custom_queries
2016-07-06 07:09:55...creating Relationship Meta for CustomQuery
2016-07-06 07:09:55...processing table data_sets
2016-07-06 07:09:55...creating table data_sets
2016-07-06 07:09:55...creating Relationship Meta for DataSet
2016-07-06 07:09:55...processing table dataset_attributes
2016-07-06 07:09:55...creating table dataset_attributes
2016-07-06 07:09:55...creating Relationship Meta for DataSet_Attribute
2016-07-06 07:09:55...processing table report_maker
2016-07-06 07:09:55...creating table report_maker
2016-07-06 07:09:55...creating Relationship Meta for ReportMaker
2016-07-06 07:09:55...processing table pmse_project
2016-07-06 07:09:56...creating table pmse_project
2016-07-06 07:09:56...creating Relationship Meta for pmse_Project
2016-07-06 07:09:56...processing table pmse_inbox
2016-07-06 07:09:56...creating table pmse_inbox
2016-07-06 07:09:56...creating Relationship Meta for pmse_Inbox
2016-07-06 07:09:57...processing table pmse_business_rules
2016-07-06 07:09:57...creating table pmse_business_rules
2016-07-06 07:09:57...creating Relationship Meta for pmse_Business_Rules
2016-07-06 07:09:57...processing table pmse_emails_templates
2016-07-06 07:09:58...creating table pmse_emails_templates
2016-07-06 07:09:58...creating Relationship Meta for pmse_Emails_Templates
2016-07-06 07:09:58...processing table pmse_bpmn_activity
2016-07-06 07:09:58...creating table pmse_bpmn_activity
2016-07-06 07:09:58...creating Relationship Meta for pmse_BpmnActivity
2016-07-06 07:09:58...processing table pmse_bpmn_artifact
2016-07-06 07:09:58...creating table pmse_bpmn_artifact
2016-07-06 07:09:58...creating Relationship Meta for pmse_BpmnArtifact
2016-07-06 07:09:58...processing table pmse_bpmn_bound
2016-07-06 07:09:58...creating table pmse_bpmn_bound
2016-07-06 07:09:58...creating Relationship Meta for pmse_BpmnBound
2016-07-06 07:09:59...processing table pmse_bpmn_data
2016-07-06 07:09:59...creating table pmse_bpmn_data
2016-07-06 07:09:59...creating Relationship Meta for pmse_BpmnData
2016-07-06 07:09:59...processing table pmse_bpmn_diagram
2016-07-06 07:09:59...creating table pmse_bpmn_diagram
2016-07-06 07:09:59...creating Relationship Meta for pmse_BpmnDiagram
2016-07-06 07:09:59...processing table pmse_bpmn_documentation
2016-07-06 07:09:59...creating table pmse_bpmn_documentation
2016-07-06 07:09:59...creating Relationship Meta for pmse_BpmnDocumentation
2016-07-06 07:09:59...processing table pmse_bpmn_event
2016-07-06 07:09:59...creating table pmse_bpmn_event
2016-07-06 07:09:59...creating Relationship Meta for pmse_BpmnEvent
2016-07-06 07:10:00...processing table pmse_bpmn_extension
2016-07-06 07:10:00...creating table pmse_bpmn_extension
2016-07-06 07:10:00...creating Relationship Meta for pmse_BpmnExtension
2016-07-06 07:10:00...processing table pmse_bpmn_flow
2016-07-06 07:10:00...creating table pmse_bpmn_flow
2016-07-06 07:10:00...creating Relationship Meta for pmse_BpmnFlow
2016-07-06 07:10:00...processing table pmse_bpmn_gateway
2016-07-06 07:10:00...creating table pmse_bpmn_gateway
2016-07-06 07:10:00...creating Relationship Meta for pmse_BpmnGateway
2016-07-06 07:10:00...processing table pmse_bpmn_lane
2016-07-06 07:10:00...creating table pmse_bpmn_lane
2016-07-06 07:10:00...creating Relationship Meta for pmse_BpmnLane
2016-07-06 07:10:01...processing table pmse_bpmn_laneset
2016-07-06 07:10:01...creating table pmse_bpmn_laneset
2016-07-06 07:10:01...creating Relationship Meta for pmse_BpmnLaneset
2016-07-06 07:10:01...processing table pmse_bpmn_participant
2016-07-06 07:10:01...creating table pmse_bpmn_participant
2016-07-06 07:10:01...creating Relationship Meta for pmse_BpmnParticipant
2016-07-06 07:10:01...processing table pmse_bpmn_process
2016-07-06 07:10:01...creating table pmse_bpmn_process
2016-07-06 07:10:01...creating Relationship Meta for pmse_BpmnProcess
2016-07-06 07:10:02...processing table pmse_bpm_flow
2016-07-06 07:10:02...creating table pmse_bpm_flow
2016-07-06 07:10:02...creating Relationship Meta for pmse_BpmFlow
2016-07-06 07:10:02...processing table pmse_bpm_thread
2016-07-06 07:10:02...creating table pmse_bpm_thread
2016-07-06 07:10:02...creating Relationship Meta for pmse_BpmThread
2016-07-06 07:10:02...processing table pmse_bpm_notes
2016-07-06 07:10:02...creating table pmse_bpm_notes
2016-07-06 07:10:02...creating Relationship Meta for pmse_BpmNotes
2016-07-06 07:10:02...processing table pmse_bpm_related_dependency
2016-07-06 07:10:02...creating table pmse_bpm_related_dependency
2016-07-06 07:10:02...creating Relationship Meta for pmse_BpmRelatedDependency
2016-07-06 07:10:03...processing table pmse_bpm_case_data
2016-07-06 07:10:03...creating table pmse_bpm_case_data
2016-07-06 07:10:03...creating Relationship Meta for pmse_BpmCaseData
2016-07-06 07:10:03...processing table pmse_bpm_activity_user
2016-07-06 07:10:03...creating table pmse_bpm_activity_user
2016-07-06 07:10:03...creating Relationship Meta for pmse_BpmActivityUser
2016-07-06 07:10:03...processing table pmse_bpm_event_definition
2016-07-06 07:10:03...creating table pmse_bpm_event_definition
2016-07-06 07:10:03...creating Relationship Meta for pmse_BpmEventDefinition
2016-07-06 07:10:03...processing table pmse_bpm_gateway_definition
2016-07-06 07:10:03...creating table pmse_bpm_gateway_definition
2016-07-06 07:10:03...creating Relationship Meta for pmse_BpmGatewayDefinition
2016-07-06 07:10:04...processing table pmse_bpm_activity_definition
2016-07-06 07:10:04...creating table pmse_bpm_activity_definition
2016-07-06 07:10:04...creating Relationship Meta for pmse_BpmActivityDefinition
2016-07-06 07:10:04...processing table pmse_bpm_activity_step
2016-07-06 07:10:04...creating table pmse_bpm_activity_step
2016-07-06 07:10:04...creating Relationship Meta for pmse_BpmActivityStep
2016-07-06 07:10:04...processing table pmse_bpm_form_action
2016-07-06 07:10:04...creating table pmse_bpm_form_action
2016-07-06 07:10:04...creating Relationship Meta for pmse_BpmFormAction
2016-07-06 07:10:05...processing table pmse_bpm_dynamic_forms
2016-07-06 07:10:05...creating table pmse_bpm_dynamic_forms
2016-07-06 07:10:05...creating Relationship Meta for pmse_BpmDynaForm
2016-07-06 07:10:05...processing table pmse_bpm_process_definition
2016-07-06 07:10:05...creating table pmse_bpm_process_definition
2016-07-06 07:10:05...creating Relationship Meta for pmse_BpmProcessDefinition
2016-07-06 07:10:05...processing table pmse_bpm_config
2016-07-06 07:10:06...creating table pmse_bpm_config
2016-07-06 07:10:06...creating Relationship Meta for pmse_BpmConfig
2016-07-06 07:10:06...processing table pmse_bpm_group
2016-07-06 07:10:06...creating table pmse_bpm_group
2016-07-06 07:10:06...creating Relationship Meta for pmse_BpmGroup
2016-07-06 07:10:06...processing table pmse_bpm_group_user
2016-07-06 07:10:06...creating table pmse_bpm_group_user
2016-07-06 07:10:06...creating Relationship Meta for pmse_BpmGroupUser
2016-07-06 07:10:06...processing table pmse_bpm_access_management
2016-07-06 07:10:06...creating table pmse_bpm_access_management
2016-07-06 07:10:06...creating Relationship Meta for pmse_BpmAccessManagement
2016-07-06 07:10:07...processing table 
2016-07-06 07:10:07...processing table styleguide
2016-07-06 07:10:07...creating table styleguide
2016-07-06 07:10:07...creating Relationship Meta for Styleguide
2016-07-06 07:10:07...processing table notifications
2016-07-06 07:10:07...creating table notifications
2016-07-06 07:10:07...creating Relationship Meta for Notifications
2016-07-06 07:10:07...processing table eapm
2016-07-06 07:10:08...creating table eapm
2016-07-06 07:10:08...creating Relationship Meta for EAPM
2016-07-06 07:10:08...processing table oauth_consumer
2016-07-06 07:10:08...creating table oauth_consumer
2016-07-06 07:10:08...creating Relationship Meta for OAuthKey
2016-07-06 07:10:08...processing table oauth_tokens
2016-07-06 07:10:08...creating table oauth_tokens
2016-07-06 07:10:08...creating Relationship Meta for OAuthToken
2016-07-06 07:10:08...processing table sugarfavorites
2016-07-06 07:10:09...creating table sugarfavorites
2016-07-06 07:10:09...creating Relationship Meta for SugarFavorites
2016-07-06 07:10:09...processing table weblogichooks
2016-07-06 07:10:09...creating table weblogichooks
2016-07-06 07:10:09...creating Relationship Meta for WebLogicHook
2016-07-06 07:10:09...processing table activities
2016-07-06 07:10:09...creating table activities
2016-07-06 07:10:09...creating Relationship Meta for Activity
2016-07-06 07:10:10...processing table comments
2016-07-06 07:10:10...creating table comments
2016-07-06 07:10:10...creating Relationship Meta for Comment
2016-07-06 07:10:10...processing table subscriptions
2016-07-06 07:10:10...creating table subscriptions
2016-07-06 07:10:10...creating Relationship Meta for Subscription
2016-07-06 07:10:10...processing table filters
2016-07-06 07:10:10...creating table filters
2016-07-06 07:10:10...creating Relationship Meta for Filters
2016-07-06 07:10:10...processing table dashboards
2016-07-06 07:10:11...creating table dashboards
2016-07-06 07:10:11...creating Relationship Meta for Dashboard
2016-07-06 07:10:11...processing table pdfmanager
2016-07-06 07:10:11...creating table pdfmanager
2016-07-06 07:10:11...creating Relationship Meta for PdfManager
2016-07-06 07:10:20...Begin creating Defaults
2016-07-06 07:10:20...insert defaults into config table
2016-07-06 07:10:20...Updating license information
2016-07-06 07:10:22...Creating default users
2016-07-06 07:10:22...Creating default reports
2016-07-06 07:10:24...Creating default scheduler jobs
2016-07-06 07:10:25...create kb tag default data
2016-07-06 07:10:27...creating new user for Snip
2016-07-06 07:10:28...populating the db with seed data
2016-07-06 07:10:28...running full indexer
2016-07-06 07:10:30...Done populating data *********
2016-07-06 07:10:31...Running post-install hooks
2016-07-06 07:10:31...Finished post-install hooks
2016-07-06 07:10:31...Populating file cache
2016-07-06 07:10:31...Populating metadata cache
2016-07-06 07:10:33...Installation has completed *********
2016-07-06 07:10:57...installerHook: Could not find custom/install/install_hooks.php
2016-07-06 07:11:02...installerHook: Could not find custom/install/install_hooks.php