Tue Jun  7 16:08:10 2016 [21627][-none-][FATAL] Could not connect to DB server with options localhost as admin. port : Access denied for user 'admin'@'localhost' (using password: YES)
Tue Jun  7 16:08:10 2016 [21627][-none-][FATAL] Could not connect to DB server with options localhost as admin. port : Access denied for user 'admin'@'localhost' (using password: YES)
Tue Jun  7 16:08:10 2016 [21627][-none-][FATAL] Elasticsearch: connection went away to localhost:9200
Tue Jun  7 16:08:10 2016 [21627][-none-][FATAL] Elasticsearch verify conn: failure
Tue Jun  7 16:08:21 2016 [21631][-none-][FATAL] Elasticsearch: connection went away to localhost:9200
Tue Jun  7 16:08:21 2016 [21631][-none-][FATAL] Elasticsearch verify conn: failure
Tue Jun  7 16:21:02 2016 [21623][-none-][FATAL]  Query Failed: SHOW TABLES LIKE 'fields_meta_data';: MySQL error 1046: No database selected
Tue Jun  7 16:21:02 2016 [21623][-none-][FATAL]  Query Failed: SHOW TABLES LIKE 'fields_meta_data';: MySQL error 1046: No database selected
Tue Jun  7 16:21:02 2016 [21623][-none-][FATAL]  Query Failed: SHOW TABLES LIKE 'fields_meta_data';: MySQL error 1046: No database selected
Tue Jun  7 16:21:02 2016 [21623][-none-][FATAL]  Query Failed: SHOW TABLES LIKE 'fields_meta_data';: MySQL error 1046: No database selected
Tue Jun  7 16:21:02 2016 [21623][-none-][FATAL]  Query Failed: SHOW TABLES LIKE 'fields_meta_data';: MySQL error 1046: No database selected
Tue Jun  7 16:21:02 2016 [21623][-none-][FATAL]  Query Failed: SHOW TABLES LIKE 'fields_meta_data';: MySQL error 1046: No database selected
Tue Jun  7 16:21:02 2016 [21623][-none-][FATAL]  Query Failed: SHOW TABLES LIKE 'fields_meta_data';: MySQL error 1046: No database selected
Tue Jun  7 16:21:02 2016 [21623][-none-][FATAL]  Query Failed: SHOW TABLES LIKE 'fields_meta_data';: MySQL error 1046: No database selected
Tue Jun  7 16:21:02 2016 [21623][-none-][FATAL]  Query Failed: SHOW TABLES LIKE 'fields_meta_data';: MySQL error 1046: No database selected
Tue Jun  7 16:21:02 2016 [21623][-none-][FATAL]  Query Failed: SHOW TABLES LIKE 'fields_meta_data';: MySQL error 1046: No database selected
Tue Jun  7 16:21:02 2016 [21623][-none-][FATAL]  Query Failed: SHOW TABLES LIKE 'fields_meta_data';: MySQL error 1046: No database selected
Tue Jun  7 16:21:02 2016 [21623][-none-][FATAL]  Query Failed: SHOW TABLES LIKE 'fields_meta_data';: MySQL error 1046: No database selected
Tue Jun  7 16:21:02 2016 [21623][-none-][FATAL]  Query Failed: SHOW TABLES LIKE 'fields_meta_data';: MySQL error 1046: No database selected
Tue Jun  7 16:21:02 2016 [21623][-none-][FATAL]  Query Failed: SHOW TABLES LIKE 'fields_meta_data';: MySQL error 1046: No database selected
Tue Jun  7 16:21:02 2016 [21623][-none-][FATAL]  Query Failed: SHOW TABLES LIKE 'fields_meta_data';: MySQL error 1046: No database selected
Tue Jun  7 16:21:02 2016 [21623][-none-][FATAL]  Query Failed: SHOW TABLES LIKE 'fields_meta_data';: MySQL error 1046: No database selected
Tue Jun  7 16:21:02 2016 [21623][-none-][FATAL]  Query Failed: SHOW TABLES LIKE 'fields_meta_data';: MySQL error 1046: No database selected
Tue Jun  7 16:21:02 2016 [21623][-none-][FATAL]  Query Failed: SHOW TABLES LIKE 'fields_meta_data';: MySQL error 1046: No database selected
Tue Jun  7 16:21:02 2016 [21623][-none-][FATAL]  Query Failed: SHOW TABLES LIKE 'fields_meta_data';: MySQL error 1046: No database selected
Tue Jun  7 16:21:02 2016 [21623][-none-][FATAL]  Query Failed: SHOW TABLES LIKE 'fields_meta_data';: MySQL error 1046: No database selected
Tue Jun  7 16:21:02 2016 [21623][-none-][FATAL]  Query Failed: SHOW TABLES LIKE 'fields_meta_data';: MySQL error 1046: No database selected
Tue Jun  7 16:21:02 2016 [21623][-none-][FATAL]  Query Failed: SHOW TABLES LIKE 'fields_meta_data';: MySQL error 1046: No database selected
Tue Jun  7 16:21:02 2016 [21623][-none-][FATAL]  Query Failed: SHOW TABLES LIKE 'fields_meta_data';: MySQL error 1046: No database selected
Tue Jun  7 16:21:02 2016 [21623][-none-][FATAL]  Query Failed: SHOW TABLES LIKE 'fields_meta_data';: MySQL error 1046: No database selected
Tue Jun  7 16:21:02 2016 [21623][-none-][FATAL]  Query Failed: SHOW TABLES LIKE 'fields_meta_data';: MySQL error 1046: No database selected
Tue Jun  7 16:21:02 2016 [21623][-none-][FATAL]  Query Failed: SHOW TABLES LIKE 'fields_meta_data';: MySQL error 1046: No database selected
Tue Jun  7 16:21:02 2016 [21623][-none-][FATAL]  Query Failed: SHOW TABLES LIKE 'fields_meta_data';: MySQL error 1046: No database selected
Tue Jun  7 16:21:02 2016 [21623][-none-][FATAL]  Query Failed: SHOW TABLES LIKE 'fields_meta_data';: MySQL error 1046: No database selected
Tue Jun  7 16:21:02 2016 [21623][-none-][FATAL]  Query Failed: SHOW TABLES LIKE 'fields_meta_data';: MySQL error 1046: No database selected
Tue Jun  7 16:21:02 2016 [21623][-none-][FATAL]  Query Failed: SHOW TABLES LIKE 'fields_meta_data';: MySQL error 1046: No database selected
Tue Jun  7 16:21:02 2016 [21623][-none-][FATAL]  Query Failed: SHOW TABLES LIKE 'fields_meta_data';: MySQL error 1046: No database selected
Tue Jun  7 16:21:02 2016 [21623][-none-][FATAL]  Query Failed: SHOW TABLES LIKE 'fields_meta_data';: MySQL error 1046: No database selected
Tue Jun  7 16:21:02 2016 [21623][-none-][FATAL]  Query Failed: SHOW TABLES LIKE 'fields_meta_data';: MySQL error 1046: No database selected
Tue Jun  7 16:21:02 2016 [21623][-none-][FATAL]  Query Failed: SHOW TABLES LIKE 'fields_meta_data';: MySQL error 1046: No database selected
Tue Jun  7 16:21:02 2016 [21623][-none-][FATAL]  Query Failed: SHOW TABLES LIKE 'fields_meta_data';: MySQL error 1046: No database selected
Tue Jun  7 16:21:02 2016 [21623][-none-][FATAL]  Query Failed: SHOW TABLES LIKE 'fields_meta_data';: MySQL error 1046: No database selected
Tue Jun  7 16:21:02 2016 [21623][-none-][FATAL]  Query Failed: SHOW TABLES LIKE 'fields_meta_data';: MySQL error 1046: No database selected
Tue Jun  7 16:21:02 2016 [21623][-none-][FATAL]  Query Failed: SHOW TABLES LIKE 'fields_meta_data';: MySQL error 1046: No database selected
Tue Jun  7 16:21:02 2016 [21623][-none-][FATAL]  Query Failed: SHOW TABLES LIKE 'fields_meta_data';: MySQL error 1046: No database selected
Tue Jun  7 16:21:02 2016 [21623][-none-][FATAL]  Query Failed: SHOW TABLES LIKE 'fields_meta_data';: MySQL error 1046: No database selected
Tue Jun  7 16:21:02 2016 [21623][-none-][FATAL]  Query Failed: SHOW TABLES LIKE 'fields_meta_data';: MySQL error 1046: No database selected
Tue Jun  7 16:21:02 2016 [21623][-none-][FATAL]  Query Failed: SHOW TABLES LIKE 'fields_meta_data';: MySQL error 1046: No database selected
Tue Jun  7 16:21:02 2016 [21623][-none-][FATAL]  Query Failed: SHOW TABLES LIKE 'fields_meta_data';: MySQL error 1046: No database selected
Tue Jun  7 16:21:02 2016 [21623][-none-][FATAL]  Query Failed: SHOW TABLES LIKE 'fields_meta_data';: MySQL error 1046: No database selected
Tue Jun  7 16:21:02 2016 [21623][-none-][FATAL]  Query Failed: SHOW TABLES LIKE 'fields_meta_data';: MySQL error 1046: No database selected
Tue Jun  7 16:21:02 2016 [21623][-none-][FATAL]  Query Failed: SHOW TABLES LIKE 'fields_meta_data';: MySQL error 1046: No database selected
Tue Jun  7 16:21:02 2016 [21623][-none-][FATAL]  Query Failed: SHOW TABLES LIKE 'fields_meta_data';: MySQL error 1046: No database selected
Tue Jun  7 16:21:02 2016 [21623][-none-][FATAL]  Query Failed: SHOW TABLES LIKE 'fields_meta_data';: MySQL error 1046: No database selected
Tue Jun  7 16:21:02 2016 [21623][-none-][FATAL]  Query Failed: SHOW TABLES LIKE 'fields_meta_data';: MySQL error 1046: No database selected
Tue Jun  7 16:21:02 2016 [21623][-none-][FATAL]  Query Failed: SHOW TABLES LIKE 'fields_meta_data';: MySQL error 1046: No database selected
Tue Jun  7 16:21:02 2016 [21623][-none-][FATAL]  Query Failed: SHOW TABLES LIKE 'fields_meta_data';: MySQL error 1046: No database selected
Tue Jun  7 16:21:02 2016 [21623][-none-][FATAL]  Query Failed: SHOW TABLES LIKE 'fields_meta_data';: MySQL error 1046: No database selected
Tue Jun  7 16:21:02 2016 [21623][-none-][FATAL]  Query Failed: SHOW TABLES LIKE 'fields_meta_data';: MySQL error 1046: No database selected
Tue Jun  7 16:21:02 2016 [21623][-none-][FATAL]  Query Failed: SHOW TABLES LIKE 'fields_meta_data';: MySQL error 1046: No database selected
Tue Jun  7 16:21:02 2016 [21623][-none-][FATAL]  Query Failed: SHOW TABLES LIKE 'fields_meta_data';: MySQL error 1046: No database selected
Tue Jun  7 16:21:02 2016 [21623][-none-][FATAL]  Query Failed: SHOW TABLES LIKE 'fields_meta_data';: MySQL error 1046: No database selected
Tue Jun  7 16:21:02 2016 [21623][-none-][FATAL]  Query Failed: SHOW TABLES LIKE 'fields_meta_data';: MySQL error 1046: No database selected
Tue Jun  7 16:21:02 2016 [21623][-none-][FATAL]  Query Failed: SHOW TABLES LIKE 'fields_meta_data';: MySQL error 1046: No database selected
Tue Jun  7 16:21:02 2016 [21623][-none-][FATAL]  Query Failed: SHOW TABLES LIKE 'fields_meta_data';: MySQL error 1046: No database selected
Tue Jun  7 16:21:02 2016 [21623][-none-][FATAL]  Query Failed: SHOW TABLES LIKE 'fields_meta_data';: MySQL error 1046: No database selected
Tue Jun  7 16:21:02 2016 [21623][-none-][FATAL]  Query Failed: SHOW TABLES LIKE 'fields_meta_data';: MySQL error 1046: No database selected
Tue Jun  7 16:21:02 2016 [21623][-none-][FATAL]  Query Failed: SHOW TABLES LIKE 'fields_meta_data';: MySQL error 1046: No database selected
Tue Jun  7 16:21:02 2016 [21623][-none-][FATAL]  Query Failed: SHOW TABLES LIKE 'fields_meta_data';: MySQL error 1046: No database selected
Tue Jun  7 16:21:02 2016 [21623][-none-][FATAL]  Query Failed: SHOW TABLES LIKE 'fields_meta_data';: MySQL error 1046: No database selected
Tue Jun  7 16:21:02 2016 [21623][-none-][FATAL]  Query Failed: SHOW TABLES LIKE 'fields_meta_data';: MySQL error 1046: No database selected
Tue Jun  7 16:21:02 2016 [21623][-none-][FATAL]  Query Failed: SHOW TABLES LIKE 'fields_meta_data';: MySQL error 1046: No database selected
Tue Jun  7 16:21:02 2016 [21623][-none-][FATAL]  Query Failed: SHOW TABLES LIKE 'fields_meta_data';: MySQL error 1046: No database selected
Tue Jun  7 16:21:02 2016 [21623][-none-][FATAL]  Query Failed: SHOW TABLES LIKE 'fields_meta_data';: MySQL error 1046: No database selected
Tue Jun  7 16:21:02 2016 [21623][-none-][FATAL]  Query Failed: SHOW TABLES LIKE 'fields_meta_data';: MySQL error 1046: No database selected
Tue Jun  7 16:21:02 2016 [21623][-none-][FATAL]  Query Failed: SHOW TABLES LIKE 'fields_meta_data';: MySQL error 1046: No database selected
Tue Jun  7 16:21:02 2016 [21623][-none-][FATAL]  Query Failed: SHOW TABLES LIKE 'fields_meta_data';: MySQL error 1046: No database selected
Tue Jun  7 16:21:02 2016 [21623][-none-][FATAL]  Query Failed: SHOW TABLES LIKE 'fields_meta_data';: MySQL error 1046: No database selected
Tue Jun  7 16:21:02 2016 [21623][-none-][FATAL]  Query Failed: SHOW TABLES LIKE 'fields_meta_data';: MySQL error 1046: No database selected
Tue Jun  7 16:21:02 2016 [21623][-none-][FATAL]  Query Failed: SHOW TABLES LIKE 'fields_meta_data';: MySQL error 1046: No database selected
Tue Jun  7 16:21:02 2016 [21623][-none-][FATAL]  Query Failed: SHOW TABLES LIKE 'fields_meta_data';: MySQL error 1046: No database selected
Tue Jun  7 16:21:02 2016 [21623][-none-][FATAL]  Query Failed: SHOW TABLES LIKE 'fields_meta_data';: MySQL error 1046: No database selected
Tue Jun  7 16:21:02 2016 [21623][-none-][FATAL]  Query Failed: SHOW TABLES LIKE 'fields_meta_data';: MySQL error 1046: No database selected
Tue Jun  7 16:21:02 2016 [21623][-none-][FATAL]  Query Failed: SHOW TABLES LIKE 'fields_meta_data';: MySQL error 1046: No database selected
Tue Jun  7 16:21:02 2016 [21623][-none-][FATAL]  Query Failed: SHOW TABLES LIKE 'fields_meta_data';: MySQL error 1046: No database selected
Tue Jun  7 16:21:02 2016 [21623][-none-][FATAL]  Query Failed: SHOW TABLES LIKE 'fields_meta_data';: MySQL error 1046: No database selected
Tue Jun  7 16:21:02 2016 [21623][-none-][FATAL]  Query Failed: SHOW TABLES LIKE 'fields_meta_data';: MySQL error 1046: No database selected
Tue Jun  7 16:21:02 2016 [21623][-none-][FATAL]  Query Failed: SHOW TABLES LIKE 'fields_meta_data';: MySQL error 1046: No database selected
Tue Jun  7 16:21:02 2016 [21623][-none-][FATAL]  Query Failed: SHOW TABLES LIKE 'fields_meta_data';: MySQL error 1046: No database selected
Tue Jun  7 16:21:02 2016 [21623][-none-][FATAL]  Query Failed: SHOW TABLES LIKE 'fields_meta_data';: MySQL error 1046: No database selected
Tue Jun  7 16:21:02 2016 [21623][-none-][FATAL]  Query Failed: SHOW TABLES LIKE 'fields_meta_data';: MySQL error 1046: No database selected
Tue Jun  7 16:21:02 2016 [21623][-none-][FATAL]  Query Failed: SHOW TABLES LIKE 'fields_meta_data';: MySQL error 1046: No database selected
Tue Jun  7 16:21:02 2016 [21623][-none-][FATAL]  Query Failed: SHOW TABLES LIKE 'fields_meta_data';: MySQL error 1046: No database selected
Tue Jun  7 16:21:02 2016 [21623][-none-][FATAL]  Query Failed: SHOW TABLES LIKE 'fields_meta_data';: MySQL error 1046: No database selected
Tue Jun  7 16:21:02 2016 [21623][-none-][FATAL]  Query Failed: SHOW TABLES LIKE 'fields_meta_data';: MySQL error 1046: No database selected
Tue Jun  7 16:21:02 2016 [21623][-none-][FATAL]  Query Failed: SHOW TABLES LIKE 'fields_meta_data';: MySQL error 1046: No database selected
Tue Jun  7 16:21:02 2016 [21623][-none-][FATAL]  Query Failed: SHOW TABLES LIKE 'fields_meta_data';: MySQL error 1046: No database selected
Tue Jun  7 16:21:02 2016 [21623][-none-][FATAL]  Query Failed: SHOW TABLES LIKE 'fields_meta_data';: MySQL error 1046: No database selected
Tue Jun  7 16:21:02 2016 [21623][-none-][FATAL]  Query Failed: SHOW TABLES LIKE 'fields_meta_data';: MySQL error 1046: No database selected
Tue Jun  7 16:21:02 2016 [21623][-none-][FATAL]  Query Failed: SHOW TABLES LIKE 'fields_meta_data';: MySQL error 1046: No database selected
Tue Jun  7 16:21:02 2016 [21623][-none-][FATAL]  Query Failed: SHOW TABLES LIKE 'fields_meta_data';: MySQL error 1046: No database selected
Tue Jun  7 16:21:02 2016 [21623][-none-][FATAL]  Query Failed: SHOW TABLES LIKE 'fields_meta_data';: MySQL error 1046: No database selected
Tue Jun  7 16:21:02 2016 [21623][-none-][FATAL]  Query Failed: SHOW TABLES LIKE 'fields_meta_data';: MySQL error 1046: No database selected
Tue Jun  7 16:21:02 2016 [21623][-none-][FATAL]  Query Failed: SHOW TABLES LIKE 'fields_meta_data';: MySQL error 1046: No database selected
Tue Jun  7 16:21:02 2016 [21623][-none-][FATAL]  Query Failed: SHOW TABLES LIKE 'fields_meta_data';: MySQL error 1046: No database selected
Tue Jun  7 16:21:02 2016 [21623][-none-][FATAL]  Query Failed: SHOW TABLES LIKE 'fields_meta_data';: MySQL error 1046: No database selected
Tue Jun  7 16:21:02 2016 [21623][-none-][FATAL]  Query Failed: SHOW TABLES LIKE 'fields_meta_data';: MySQL error 1046: No database selected
Tue Jun  7 16:21:02 2016 [21623][-none-][FATAL]  Query Failed: SHOW TABLES LIKE 'fields_meta_data';: MySQL error 1046: No database selected
Tue Jun  7 16:21:02 2016 [21623][-none-][FATAL]  Query Failed: SHOW TABLES LIKE 'fields_meta_data';: MySQL error 1046: No database selected
Tue Jun  7 16:21:02 2016 [21623][-none-][FATAL]  Query Failed: SHOW TABLES LIKE 'fields_meta_data';: MySQL error 1046: No database selected
Tue Jun  7 16:21:02 2016 [21623][-none-][FATAL]  Query Failed: SHOW TABLES LIKE 'fields_meta_data';: MySQL error 1046: No database selected
Tue Jun  7 16:21:02 2016 [21623][-none-][FATAL]  Query Failed: SHOW TABLES LIKE 'fields_meta_data';: MySQL error 1046: No database selected
Tue Jun  7 16:21:02 2016 [21623][-none-][FATAL]  Query Failed: SHOW TABLES LIKE 'fields_meta_data';: MySQL error 1046: No database selected
Tue Jun  7 16:21:02 2016 [21623][-none-][FATAL]  Query Failed: SHOW TABLES LIKE 'fields_meta_data';: MySQL error 1046: No database selected
Tue Jun  7 16:21:02 2016 [21623][-none-][FATAL]  Query Failed: SHOW TABLES LIKE 'fields_meta_data';: MySQL error 1046: No database selected
Tue Jun  7 16:21:02 2016 [21623][-none-][FATAL]  Query Failed: SHOW TABLES LIKE 'fields_meta_data';: MySQL error 1046: No database selected
Tue Jun  7 16:21:02 2016 [21623][-none-][FATAL]  Query Failed: SHOW TABLES LIKE 'fields_meta_data';: MySQL error 1046: No database selected
Tue Jun  7 16:21:02 2016 [21623][-none-][FATAL]  Query Failed: SHOW TABLES LIKE 'fields_meta_data';: MySQL error 1046: No database selected
Tue Jun  7 16:21:02 2016 [21623][-none-][FATAL]  Query Failed: SHOW TABLES LIKE 'fields_meta_data';: MySQL error 1046: No database selected
Tue Jun  7 16:21:02 2016 [21623][-none-][FATAL]  Query Failed: SHOW TABLES LIKE 'fields_meta_data';: MySQL error 1046: No database selected
Tue Jun  7 16:21:02 2016 [21623][-none-][FATAL]  Query Failed: SHOW TABLES LIKE 'fields_meta_data';: MySQL error 1046: No database selected
Tue Jun  7 16:21:02 2016 [21623][-none-][FATAL]  Query Failed: SHOW TABLES LIKE 'fields_meta_data';: MySQL error 1046: No database selected
Tue Jun  7 16:21:02 2016 [21623][-none-][FATAL]  Query Failed: SHOW TABLES LIKE 'fields_meta_data';: MySQL error 1046: No database selected
Tue Jun  7 16:21:02 2016 [21623][-none-][FATAL]  Query Failed: SHOW TABLES LIKE 'fields_meta_data';: MySQL error 1046: No database selected
Tue Jun  7 16:21:02 2016 [21623][-none-][FATAL]  Query Failed: SHOW TABLES LIKE 'fields_meta_data';: MySQL error 1046: No database selected
Tue Jun  7 16:21:02 2016 [21623][-none-][FATAL]  Query Failed: SHOW TABLES LIKE 'fields_meta_data';: MySQL error 1046: No database selected
Tue Jun  7 16:21:02 2016 [21623][-none-][FATAL]  Query Failed: SHOW TABLES LIKE 'fields_meta_data';: MySQL error 1046: No database selected
Tue Jun  7 16:21:02 2016 [21623][-none-][FATAL]  Query Failed: SHOW TABLES LIKE 'fields_meta_data';: MySQL error 1046: No database selected
Tue Jun  7 16:21:02 2016 [21623][-none-][FATAL]  Query Failed: SHOW TABLES LIKE 'fields_meta_data';: MySQL error 1046: No database selected
Tue Jun  7 16:21:02 2016 [21623][-none-][FATAL]  Query Failed: SHOW TABLES LIKE 'fields_meta_data';: MySQL error 1046: No database selected
Tue Jun  7 16:21:02 2016 [21623][-none-][FATAL]  Query Failed: SHOW TABLES LIKE 'fields_meta_data';: MySQL error 1046: No database selected
Tue Jun  7 16:21:02 2016 [21623][-none-][FATAL]  Query Failed: SHOW TABLES LIKE 'fields_meta_data';: MySQL error 1046: No database selected
Tue Jun  7 16:21:02 2016 [21623][-none-][FATAL]  Query Failed: SHOW TABLES LIKE 'fields_meta_data';: MySQL error 1046: No database selected
Tue Jun  7 16:21:02 2016 [21623][-none-][FATAL]  Query Failed: SHOW TABLES LIKE 'fields_meta_data';: MySQL error 1046: No database selected
Tue Jun  7 16:21:02 2016 [21623][-none-][FATAL]  Query Failed: SHOW TABLES LIKE 'fields_meta_data';: MySQL error 1046: No database selected
Tue Jun  7 16:21:02 2016 [21623][-none-][FATAL]  Query Failed: SHOW TABLES LIKE 'fields_meta_data';: MySQL error 1046: No database selected
Tue Jun  7 16:21:02 2016 [21623][-none-][FATAL]  Query Failed: SHOW TABLES LIKE 'fields_meta_data';: MySQL error 1046: No database selected
Tue Jun  7 16:21:02 2016 [21623][-none-][FATAL]  Query Failed: SHOW TABLES LIKE 'fields_meta_data';: MySQL error 1046: No database selected
Tue Jun  7 16:21:02 2016 [21623][-none-][FATAL]  Query Failed: SHOW TABLES LIKE 'fields_meta_data';: MySQL error 1046: No database selected
Tue Jun  7 16:21:02 2016 [21623][-none-][FATAL]  Query Failed: SHOW TABLES LIKE 'fields_meta_data';: MySQL error 1046: No database selected
Tue Jun  7 16:21:02 2016 [21623][-none-][FATAL]  Query Failed: SHOW TABLES LIKE 'fields_meta_data';: MySQL error 1046: No database selected
Tue Jun  7 16:21:02 2016 [21623][-none-][FATAL]  Query Failed: SHOW TABLES LIKE 'fields_meta_data';: MySQL error 1046: No database selected
Tue Jun  7 16:21:02 2016 [21623][-none-][FATAL]  Query Failed: SHOW TABLES LIKE 'fields_meta_data';: MySQL error 1046: No database selected
Tue Jun  7 16:21:02 2016 [21623][-none-][FATAL]  Query Failed: SHOW TABLES LIKE 'fields_meta_data';: MySQL error 1046: No database selected
Tue Jun  7 16:21:02 2016 [21623][-none-][FATAL]  Query Failed: SHOW TABLES LIKE 'fields_meta_data';: MySQL error 1046: No database selected
Tue Jun  7 16:21:02 2016 [21623][-none-][FATAL]  Query Failed: SHOW TABLES LIKE 'fields_meta_data';: MySQL error 1046: No database selected
Tue Jun  7 16:21:02 2016 [21623][-none-][FATAL]  Query Failed: SHOW TABLES LIKE 'fields_meta_data';: MySQL error 1046: No database selected
Tue Jun  7 16:21:02 2016 [21623][-none-][FATAL]  Query Failed: SHOW TABLES LIKE 'fields_meta_data';: MySQL error 1046: No database selected
Tue Jun  7 16:21:02 2016 [21623][-none-][FATAL]  Query Failed: SHOW TABLES LIKE 'fields_meta_data';: MySQL error 1046: No database selected
Tue Jun  7 16:21:02 2016 [21623][-none-][FATAL]  Query Failed: SHOW TABLES LIKE 'fields_meta_data';: MySQL error 1046: No database selected
Tue Jun  7 16:21:02 2016 [21623][-none-][FATAL]  Query Failed: SHOW TABLES LIKE 'fields_meta_data';: MySQL error 1046: No database selected
Tue Jun  7 16:21:02 2016 [21623][-none-][FATAL]  Query Failed: SHOW TABLES LIKE 'fields_meta_data';: MySQL error 1046: No database selected
Tue Jun  7 16:21:02 2016 [21623][-none-][FATAL]  Query Failed: SHOW TABLES LIKE 'fields_meta_data';: MySQL error 1046: No database selected
Tue Jun  7 16:21:02 2016 [21623][-none-][FATAL]  Query Failed: SHOW TABLES LIKE 'fields_meta_data';: MySQL error 1046: No database selected
Tue Jun  7 16:21:02 2016 [21623][-none-][FATAL]  Query Failed: SHOW TABLES LIKE 'fields_meta_data';: MySQL error 1046: No database selected
Tue Jun  7 16:21:02 2016 [21623][-none-][FATAL]  Query Failed: SHOW TABLES LIKE 'fields_meta_data';: MySQL error 1046: No database selected
Tue Jun  7 16:21:02 2016 [21623][-none-][FATAL]  Query Failed: SHOW TABLES LIKE 'fields_meta_data';: MySQL error 1046: No database selected
Tue Jun  7 16:21:02 2016 [21623][-none-][FATAL]  Query Failed: SHOW TABLES LIKE 'fields_meta_data';: MySQL error 1046: No database selected
Tue Jun  7 16:21:02 2016 [21623][-none-][FATAL]  Query Failed: SHOW TABLES LIKE 'fields_meta_data';: MySQL error 1046: No database selected
Tue Jun  7 16:21:02 2016 [21623][-none-][FATAL]  Query Failed: SHOW TABLES LIKE 'fields_meta_data';: MySQL error 1046: No database selected
Tue Jun  7 16:21:02 2016 [21623][-none-][FATAL]  Query Failed: SHOW TABLES LIKE 'fields_meta_data';: MySQL error 1046: No database selected
Tue Jun  7 16:21:02 2016 [21623][-none-][FATAL]  Query Failed: SHOW TABLES LIKE 'fields_meta_data';: MySQL error 1046: No database selected
Tue Jun  7 16:21:02 2016 [21623][-none-][FATAL]  Query Failed: SHOW TABLES LIKE 'fields_meta_data';: MySQL error 1046: No database selected
Tue Jun  7 16:21:02 2016 [21623][-none-][FATAL]  Query Failed: SHOW TABLES LIKE 'fields_meta_data';: MySQL error 1046: No database selected
Tue Jun  7 16:21:02 2016 [21623][-none-][FATAL]  Query Failed: SHOW TABLES LIKE 'fields_meta_data';: MySQL error 1046: No database selected
Tue Jun  7 16:21:02 2016 [21623][-none-][FATAL]  Query Failed: SHOW TABLES LIKE 'fields_meta_data';: MySQL error 1046: No database selected
Tue Jun  7 16:21:02 2016 [21623][-none-][FATAL]  Query Failed: SHOW TABLES LIKE 'fields_meta_data';: MySQL error 1046: No database selected
Tue Jun  7 16:21:02 2016 [21623][-none-][FATAL]  Query Failed: SHOW TABLES LIKE 'fields_meta_data';: MySQL error 1046: No database selected
Tue Jun  7 16:21:02 2016 [21623][-none-][FATAL]  Query Failed: SHOW TABLES LIKE 'fields_meta_data';: MySQL error 1046: No database selected
Tue Jun  7 16:21:02 2016 [21623][-none-][FATAL]  Query Failed: SHOW TABLES LIKE 'fields_meta_data';: MySQL error 1046: No database selected
Tue Jun  7 16:21:02 2016 [21623][-none-][FATAL]  Query Failed: SHOW TABLES LIKE 'fields_meta_data';: MySQL error 1046: No database selected
Tue Jun  7 16:21:02 2016 [21623][-none-][FATAL]  Query Failed: SHOW TABLES LIKE 'fields_meta_data';: MySQL error 1046: No database selected
Tue Jun  7 16:21:02 2016 [21623][-none-][FATAL]  Query Failed: SHOW TABLES LIKE 'fields_meta_data';: MySQL error 1046: No database selected
Tue Jun  7 16:21:02 2016 [21623][-none-][FATAL]  Query Failed: SHOW TABLES LIKE 'fields_meta_data';: MySQL error 1046: No database selected
Tue Jun  7 16:21:02 2016 [21623][-none-][FATAL]  Query Failed: SHOW TABLES LIKE 'fields_meta_data';: MySQL error 1046: No database selected
Tue Jun  7 16:21:02 2016 [21623][-none-][FATAL]  Query Failed: SHOW TABLES LIKE 'fields_meta_data';: MySQL error 1046: No database selected
Tue Jun  7 16:21:02 2016 [21623][-none-][FATAL]  Query Failed: SHOW TABLES LIKE 'fields_meta_data';: MySQL error 1046: No database selected
Tue Jun  7 16:21:02 2016 [21623][-none-][FATAL]  Query Failed: SHOW TABLES LIKE 'fields_meta_data';: MySQL error 1046: No database selected
Tue Jun  7 16:21:02 2016 [21623][-none-][FATAL]  Query Failed: SHOW TABLES LIKE 'fields_meta_data';: MySQL error 1046: No database selected
Tue Jun  7 16:21:02 2016 [21623][-none-][FATAL]  Query Failed: SHOW TABLES LIKE 'fields_meta_data';: MySQL error 1046: No database selected
Tue Jun  7 16:21:02 2016 [21623][-none-][FATAL]  Query Failed: SHOW TABLES LIKE 'fields_meta_data';: MySQL error 1046: No database selected
Tue Jun  7 16:21:02 2016 [21623][-none-][FATAL]  Query Failed: SHOW TABLES LIKE 'fields_meta_data';: MySQL error 1046: No database selected
Tue Jun  7 16:21:02 2016 [21623][-none-][FATAL]  Query Failed: SHOW TABLES LIKE 'fields_meta_data';: MySQL error 1046: No database selected
Tue Jun  7 16:21:02 2016 [21623][-none-][FATAL]  Query Failed: SHOW TABLES LIKE 'fields_meta_data';: MySQL error 1046: No database selected
Tue Jun  7 16:21:02 2016 [21623][-none-][FATAL]  Query Failed: SHOW TABLES LIKE 'fields_meta_data';: MySQL error 1046: No database selected
Tue Jun  7 16:21:02 2016 [21623][-none-][FATAL]  Query Failed: SHOW TABLES LIKE 'fields_meta_data';: MySQL error 1046: No database selected
Tue Jun  7 16:21:02 2016 [21623][-none-][FATAL]  Query Failed: SHOW TABLES LIKE 'fields_meta_data';: MySQL error 1046: No database selected
Tue Jun  7 16:21:02 2016 [21623][-none-][FATAL]  Query Failed: SHOW TABLES LIKE 'fields_meta_data';: MySQL error 1046: No database selected
Tue Jun  7 16:21:02 2016 [21623][-none-][FATAL]  Query Failed: SHOW TABLES LIKE 'fields_meta_data';: MySQL error 1046: No database selected
Tue Jun  7 16:21:02 2016 [21623][-none-][FATAL]  Query Failed: SHOW TABLES LIKE 'fields_meta_data';: MySQL error 1046: No database selected
Tue Jun  7 16:21:02 2016 [21623][-none-][FATAL]  Query Failed: SHOW TABLES LIKE 'fields_meta_data';: MySQL error 1046: No database selected
Tue Jun  7 16:21:02 2016 [21623][-none-][FATAL]  Query Failed: SHOW TABLES LIKE 'fields_meta_data';: MySQL error 1046: No database selected
Tue Jun  7 16:21:02 2016 [21623][-none-][FATAL]  Query Failed: SHOW TABLES LIKE 'fields_meta_data';: MySQL error 1046: No database selected
Tue Jun  7 16:21:02 2016 [21623][-none-][FATAL]  Query Failed: SHOW TABLES LIKE 'fields_meta_data';: MySQL error 1046: No database selected
Tue Jun  7 16:21:02 2016 [21623][-none-][FATAL]  Query Failed: SHOW TABLES LIKE 'fields_meta_data';: MySQL error 1046: No database selected
Tue Jun  7 16:21:02 2016 [21623][-none-][FATAL]  Query Failed: SHOW TABLES LIKE 'fields_meta_data';: MySQL error 1046: No database selected
Tue Jun  7 16:21:02 2016 [21623][-none-][FATAL]  Query Failed: SHOW TABLES LIKE 'fields_meta_data';: MySQL error 1046: No database selected
Tue Jun  7 16:21:02 2016 [21623][-none-][FATAL]  Query Failed: SHOW TABLES LIKE 'fields_meta_data';: MySQL error 1046: No database selected
Tue Jun  7 16:21:02 2016 [21623][-none-][FATAL]  Query Failed: SHOW TABLES LIKE 'fields_meta_data';: MySQL error 1046: No database selected
Tue Jun  7 16:21:02 2016 [21623][-none-][FATAL]  Query Failed: SHOW TABLES LIKE 'fields_meta_data';: MySQL error 1046: No database selected
Tue Jun  7 16:21:02 2016 [21623][-none-][FATAL]  Query Failed: SHOW TABLES LIKE 'fields_meta_data';: MySQL error 1046: No database selected
Tue Jun  7 16:21:02 2016 [21623][-none-][FATAL]  Query Failed: SHOW TABLES LIKE 'fields_meta_data';: MySQL error 1046: No database selected
Tue Jun  7 16:21:02 2016 [21623][-none-][FATAL]  Query Failed: SHOW TABLES LIKE 'fields_meta_data';: MySQL error 1046: No database selected
Tue Jun  7 16:21:02 2016 [21623][-none-][FATAL]  Query Failed: SHOW TABLES LIKE 'fields_meta_data';: MySQL error 1046: No database selected
Tue Jun  7 16:21:02 2016 [21623][-none-][FATAL]  Query Failed: SHOW TABLES LIKE 'fields_meta_data';: MySQL error 1046: No database selected
Tue Jun  7 16:21:02 2016 [21623][-none-][FATAL]  Query Failed: SHOW TABLES LIKE 'fields_meta_data';: MySQL error 1046: No database selected
Tue Jun  7 16:21:02 2016 [21623][-none-][FATAL]  Query Failed: SHOW TABLES LIKE 'fields_meta_data';: MySQL error 1046: No database selected
Tue Jun  7 16:21:02 2016 [21623][-none-][FATAL]  Query Failed: SHOW TABLES LIKE 'fields_meta_data';: MySQL error 1046: No database selected
Tue Jun  7 16:21:02 2016 [21623][-none-][FATAL]  Query Failed: SHOW TABLES LIKE 'fields_meta_data';: MySQL error 1046: No database selected
Tue Jun  7 16:21:02 2016 [21623][-none-][FATAL]  Query Failed: SHOW TABLES LIKE 'fields_meta_data';: MySQL error 1046: No database selected
Tue Jun  7 16:21:02 2016 [21623][-none-][FATAL]  Query Failed: SHOW TABLES LIKE 'fields_meta_data';: MySQL error 1046: No database selected
Tue Jun  7 16:21:02 2016 [21623][-none-][FATAL]  Query Failed: SHOW TABLES LIKE 'fields_meta_data';: MySQL error 1046: No database selected
Tue Jun  7 16:21:02 2016 [21623][-none-][FATAL]  Query Failed: SHOW TABLES LIKE 'fields_meta_data';: MySQL error 1046: No database selected
Tue Jun  7 16:21:02 2016 [21623][-none-][FATAL]  Query Failed: SHOW TABLES LIKE 'fields_meta_data';: MySQL error 1046: No database selected
Tue Jun  7 16:21:02 2016 [21623][-none-][FATAL]  Query Failed: SHOW TABLES LIKE 'fields_meta_data';: MySQL error 1046: No database selected
Tue Jun  7 16:21:02 2016 [21623][-none-][FATAL]  Query Failed: SHOW TABLES LIKE 'fields_meta_data';: MySQL error 1046: No database selected
Tue Jun  7 16:21:02 2016 [21623][-none-][FATAL]  Query Failed: SHOW TABLES LIKE 'fields_meta_data';: MySQL error 1046: No database selected
Tue Jun  7 16:21:02 2016 [21623][-none-][FATAL]  Query Failed: SHOW TABLES LIKE 'fields_meta_data';: MySQL error 1046: No database selected
Tue Jun  7 16:21:02 2016 [21623][-none-][FATAL]  Query Failed: SHOW TABLES LIKE 'fields_meta_data';: MySQL error 1046: No database selected
Tue Jun  7 16:21:02 2016 [21623][-none-][FATAL]  Query Failed: SHOW TABLES LIKE 'fields_meta_data';: MySQL error 1046: No database selected
Tue Jun  7 16:21:02 2016 [21623][-none-][FATAL]  Query Failed: SHOW TABLES LIKE 'fields_meta_data';: MySQL error 1046: No database selected
Tue Jun  7 16:21:02 2016 [21623][-none-][FATAL]  Query Failed: SHOW TABLES LIKE 'fields_meta_data';: MySQL error 1046: No database selected
Tue Jun  7 16:21:02 2016 [21623][-none-][FATAL]  Query Failed: SHOW TABLES LIKE 'fields_meta_data';: MySQL error 1046: No database selected
Tue Jun  7 16:21:02 2016 [21623][-none-][FATAL]  Query Failed: SHOW TABLES LIKE 'fields_meta_data';: MySQL error 1046: No database selected
Tue Jun  7 16:21:03 2016 [21623][-none-][FATAL]  Query Failed: SHOW TABLES LIKE 'fields_meta_data';: MySQL error 1046: No database selected
Tue Jun  7 16:21:03 2016 [21623][-none-][FATAL]  Query Failed: SHOW TABLES LIKE 'fields_meta_data';: MySQL error 1046: No database selected
Tue Jun  7 16:21:03 2016 [21623][-none-][FATAL]  Query Failed: SHOW TABLES LIKE 'fields_meta_data';: MySQL error 1046: No database selected
Tue Jun  7 16:21:03 2016 [21623][-none-][FATAL]  Query Failed: SHOW TABLES LIKE 'fields_meta_data';: MySQL error 1046: No database selected
Tue Jun  7 16:21:03 2016 [21623][-none-][FATAL]  Query Failed: SHOW TABLES LIKE 'fields_meta_data';: MySQL error 1046: No database selected
Tue Jun  7 16:21:03 2016 [21623][-none-][FATAL]  Query Failed: SHOW TABLES LIKE 'fields_meta_data';: MySQL error 1046: No database selected
Tue Jun  7 16:21:03 2016 [21623][-none-][FATAL]  Query Failed: SHOW TABLES LIKE 'fields_meta_data';: MySQL error 1046: No database selected
Tue Jun  7 16:21:03 2016 [21623][-none-][FATAL]  Query Failed: SHOW TABLES LIKE 'fields_meta_data';: MySQL error 1046: No database selected
Tue Jun  7 16:21:03 2016 [21623][-none-][FATAL]  Query Failed: SHOW TABLES LIKE 'fields_meta_data';: MySQL error 1046: No database selected
Tue Jun  7 16:21:03 2016 [21623][-none-][FATAL]  Query Failed: SHOW TABLES LIKE 'fields_meta_data';: MySQL error 1046: No database selected
Tue Jun  7 16:21:03 2016 [21623][-none-][FATAL]  Query Failed: SHOW TABLES LIKE 'fields_meta_data';: MySQL error 1046: No database selected
Tue Jun  7 16:21:03 2016 [21623][-none-][FATAL]  Query Failed: SHOW TABLES LIKE 'fields_meta_data';: MySQL error 1046: No database selected
Tue Jun  7 16:21:03 2016 [21623][-none-][FATAL]  Query Failed: SHOW TABLES LIKE 'fields_meta_data';: MySQL error 1046: No database selected
Tue Jun  7 16:21:03 2016 [21623][-none-][FATAL]  Query Failed: SHOW TABLES LIKE 'fields_meta_data';: MySQL error 1046: No database selected
Tue Jun  7 16:21:03 2016 [21623][-none-][FATAL]  Query Failed: SHOW TABLES LIKE 'fields_meta_data';: MySQL error 1046: No database selected
Tue Jun  7 16:21:03 2016 [21623][-none-][FATAL]  Query Failed: SHOW TABLES LIKE 'fields_meta_data';: MySQL error 1046: No database selected
Tue Jun  7 16:21:03 2016 [21623][-none-][FATAL]  Query Failed: SHOW TABLES LIKE 'fields_meta_data';: MySQL error 1046: No database selected
Tue Jun  7 16:21:03 2016 [21623][-none-][FATAL]  Query Failed: SHOW TABLES LIKE 'fields_meta_data';: MySQL error 1046: No database selected
Tue Jun  7 16:21:03 2016 [21623][-none-][FATAL]  Query Failed: SHOW TABLES LIKE 'fields_meta_data';: MySQL error 1046: No database selected
Tue Jun  7 16:21:03 2016 [21623][-none-][FATAL]  Query Failed: SHOW TABLES LIKE 'fields_meta_data';: MySQL error 1046: No database selected
Tue Jun  7 16:21:03 2016 [21623][-none-][FATAL]  Query Failed: SHOW TABLES LIKE 'fields_meta_data';: MySQL error 1046: No database selected
Tue Jun  7 16:21:03 2016 [21623][-none-][FATAL]  Query Failed: SHOW TABLES LIKE 'fields_meta_data';: MySQL error 1046: No database selected
Tue Jun  7 16:21:03 2016 [21623][-none-][FATAL]  Query Failed: SHOW TABLES LIKE 'fields_meta_data';: MySQL error 1046: No database selected
Tue Jun  7 16:21:03 2016 [21623][-none-][FATAL]  Query Failed: SHOW TABLES LIKE 'fields_meta_data';: MySQL error 1046: No database selected
Tue Jun  7 16:21:03 2016 [21623][-none-][FATAL]  Query Failed: SHOW TABLES LIKE 'fields_meta_data';: MySQL error 1046: No database selected
Tue Jun  7 16:21:03 2016 [21623][-none-][FATAL]  Query Failed: SHOW TABLES LIKE 'fields_meta_data';: MySQL error 1046: No database selected
Tue Jun  7 16:21:03 2016 [21623][-none-][FATAL]  Query Failed: SHOW TABLES LIKE 'fields_meta_data';: MySQL error 1046: No database selected
Tue Jun  7 16:21:03 2016 [21623][-none-][FATAL]  Query Failed: SHOW TABLES LIKE 'fields_meta_data';: MySQL error 1046: No database selected
Tue Jun  7 16:21:03 2016 [21623][-none-][FATAL]  Query Failed: SHOW TABLES LIKE 'fields_meta_data';: MySQL error 1046: No database selected
Tue Jun  7 16:21:03 2016 [21623][-none-][FATAL]  Query Failed: SHOW TABLES LIKE 'fields_meta_data';: MySQL error 1046: No database selected
Tue Jun  7 16:21:03 2016 [21623][-none-][FATAL]  Query Failed: SHOW TABLES LIKE 'fields_meta_data';: MySQL error 1046: No database selected
Tue Jun  7 16:21:03 2016 [21623][-none-][FATAL]  Query Failed: SHOW TABLES LIKE 'fields_meta_data';: MySQL error 1046: No database selected
Tue Jun  7 16:21:03 2016 [21623][-none-][FATAL]  Query Failed: SHOW TABLES LIKE 'fields_meta_data';: MySQL error 1046: No database selected
Tue Jun  7 16:21:03 2016 [21623][-none-][FATAL]  Query Failed: SHOW TABLES LIKE 'fields_meta_data';: MySQL error 1046: No database selected
Tue Jun  7 16:21:03 2016 [21623][-none-][FATAL]  Query Failed: SHOW TABLES LIKE 'fields_meta_data';: MySQL error 1046: No database selected
Tue Jun  7 16:21:03 2016 [21623][-none-][FATAL]  Query Failed: SHOW TABLES LIKE 'fields_meta_data';: MySQL error 1046: No database selected
Tue Jun  7 16:21:03 2016 [21623][-none-][FATAL]  Query Failed: SHOW TABLES LIKE 'fields_meta_data';: MySQL error 1046: No database selected
Tue Jun  7 16:21:03 2016 [21623][-none-][FATAL]  Query Failed: SHOW TABLES LIKE 'fields_meta_data';: MySQL error 1046: No database selected
Tue Jun  7 16:21:03 2016 [21623][-none-][FATAL]  Query Failed: SHOW TABLES LIKE 'fields_meta_data';: MySQL error 1046: No database selected
Tue Jun  7 16:21:03 2016 [21623][-none-][FATAL]  Query Failed: SHOW TABLES LIKE 'fields_meta_data';: MySQL error 1046: No database selected
Tue Jun  7 16:21:03 2016 [21623][-none-][FATAL]  Query Failed: SHOW TABLES LIKE 'fields_meta_data';: MySQL error 1046: No database selected
Tue Jun  7 16:21:03 2016 [21623][-none-][FATAL]  Query Failed: SHOW TABLES LIKE 'fields_meta_data';: MySQL error 1046: No database selected
Tue Jun  7 16:21:03 2016 [21623][-none-][FATAL]  Query Failed: SHOW TABLES LIKE 'fields_meta_data';: MySQL error 1046: No database selected
Tue Jun  7 16:21:03 2016 [21623][-none-][FATAL]  Query Failed: SHOW TABLES LIKE 'fields_meta_data';: MySQL error 1046: No database selected
Tue Jun  7 16:21:03 2016 [21623][-none-][FATAL]  Query Failed: SHOW TABLES LIKE 'fields_meta_data';: MySQL error 1046: No database selected
Tue Jun  7 16:21:03 2016 [21623][-none-][FATAL]  Query Failed: SHOW TABLES LIKE 'fields_meta_data';: MySQL error 1046: No database selected
Tue Jun  7 16:21:03 2016 [21623][-none-][FATAL]  Query Failed: SHOW TABLES LIKE 'fields_meta_data';: MySQL error 1046: No database selected
Tue Jun  7 16:21:03 2016 [21623][-none-][FATAL]  Query Failed: SHOW TABLES LIKE 'fields_meta_data';: MySQL error 1046: No database selected
Tue Jun  7 16:21:03 2016 [21623][-none-][FATAL]  Query Failed: SHOW TABLES LIKE 'fields_meta_data';: MySQL error 1046: No database selected
Tue Jun  7 16:21:03 2016 [21623][-none-][FATAL]  Query Failed: SHOW TABLES LIKE 'fields_meta_data';: MySQL error 1046: No database selected
Tue Jun  7 16:21:03 2016 [21623][-none-][FATAL]  Query Failed: SHOW TABLES LIKE 'fields_meta_data';: MySQL error 1046: No database selected
Tue Jun  7 16:21:03 2016 [21623][-none-][FATAL]  Query Failed: SHOW TABLES LIKE 'fields_meta_data';: MySQL error 1046: No database selected
Tue Jun  7 16:21:03 2016 [21623][-none-][FATAL]  Query Failed: SHOW TABLES LIKE 'fields_meta_data';: MySQL error 1046: No database selected
Tue Jun  7 16:21:03 2016 [21623][-none-][FATAL]  Query Failed: SHOW TABLES LIKE 'fields_meta_data';: MySQL error 1046: No database selected
Tue Jun  7 16:21:03 2016 [21623][-none-][FATAL]  Query Failed: SHOW TABLES LIKE 'fields_meta_data';: MySQL error 1046: No database selected
Tue Jun  7 16:21:03 2016 [21623][-none-][FATAL]  Query Failed: SHOW TABLES LIKE 'fields_meta_data';: MySQL error 1046: No database selected
Tue Jun  7 16:21:03 2016 [21623][-none-][FATAL]  Query Failed: SHOW TABLES LIKE 'fields_meta_data';: MySQL error 1046: No database selected
Tue Jun  7 16:21:03 2016 [21623][-none-][FATAL]  Query Failed: SHOW TABLES LIKE 'fields_meta_data';: MySQL error 1046: No database selected
Tue Jun  7 16:21:03 2016 [21623][-none-][FATAL]  Query Failed: SHOW TABLES LIKE 'fields_meta_data';: MySQL error 1046: No database selected
Tue Jun  7 16:21:03 2016 [21623][-none-][FATAL]  Query Failed: SHOW TABLES LIKE 'fields_meta_data';: MySQL error 1046: No database selected
Tue Jun  7 16:21:03 2016 [21623][-none-][FATAL]  Query Failed: SHOW TABLES LIKE 'fields_meta_data';: MySQL error 1046: No database selected
Tue Jun  7 16:21:03 2016 [21623][-none-][FATAL]  Query Failed: SHOW TABLES LIKE 'fields_meta_data';: MySQL error 1046: No database selected
Tue Jun  7 16:21:03 2016 [21623][-none-][FATAL]  Query Failed: SHOW TABLES LIKE 'fields_meta_data';: MySQL error 1046: No database selected
Tue Jun  7 16:21:03 2016 [21623][-none-][FATAL]  Query Failed: SHOW TABLES LIKE 'fields_meta_data';: MySQL error 1046: No database selected
Tue Jun  7 16:21:03 2016 [21623][-none-][FATAL]  Query Failed: SHOW TABLES LIKE 'fields_meta_data';: MySQL error 1046: No database selected
Tue Jun  7 16:21:03 2016 [21623][-none-][FATAL]  Query Failed: SHOW TABLES LIKE 'fields_meta_data';: MySQL error 1046: No database selected
Tue Jun  7 16:21:03 2016 [21623][-none-][FATAL]  Query Failed: SHOW TABLES LIKE 'fields_meta_data';: MySQL error 1046: No database selected
Tue Jun  7 16:21:03 2016 [21623][-none-][FATAL]  Query Failed: SHOW TABLES LIKE 'fields_meta_data';: MySQL error 1046: No database selected
Tue Jun  7 16:21:03 2016 [21623][-none-][FATAL]  Query Failed: SHOW TABLES LIKE 'fields_meta_data';: MySQL error 1046: No database selected
Tue Jun  7 16:21:03 2016 [21623][-none-][FATAL]  Query Failed: SHOW TABLES LIKE 'fields_meta_data';: MySQL error 1046: No database selected
Tue Jun  7 16:21:03 2016 [21623][-none-][FATAL]  Query Failed: SHOW TABLES LIKE 'fields_meta_data';: MySQL error 1046: No database selected
Tue Jun  7 16:21:03 2016 [21623][-none-][FATAL]  Query Failed: SHOW TABLES LIKE 'fields_meta_data';: MySQL error 1046: No database selected
Tue Jun  7 16:21:03 2016 [21623][-none-][FATAL]  Query Failed: SHOW TABLES LIKE 'fields_meta_data';: MySQL error 1046: No database selected
Tue Jun  7 16:21:03 2016 [21623][-none-][FATAL]  Query Failed: SHOW TABLES LIKE 'fields_meta_data';: MySQL error 1046: No database selected
Tue Jun  7 16:21:03 2016 [21623][-none-][FATAL]  Query Failed: SHOW TABLES LIKE 'fields_meta_data';: MySQL error 1046: No database selected
Tue Jun  7 16:21:03 2016 [21623][-none-][FATAL]  Query Failed: SHOW TABLES LIKE 'fields_meta_data';: MySQL error 1046: No database selected
Tue Jun  7 16:21:03 2016 [21623][-none-][FATAL]  Query Failed: SHOW TABLES LIKE 'fields_meta_data';: MySQL error 1046: No database selected
Tue Jun  7 16:21:03 2016 [21623][-none-][FATAL]  Query Failed: SHOW TABLES LIKE 'fields_meta_data';: MySQL error 1046: No database selected
Tue Jun  7 16:21:03 2016 [21623][-none-][FATAL]  Query Failed: SHOW TABLES LIKE 'fields_meta_data';: MySQL error 1046: No database selected
Tue Jun  7 16:21:03 2016 [21623][-none-][FATAL]  Query Failed: SHOW TABLES LIKE 'fields_meta_data';: MySQL error 1046: No database selected
Tue Jun  7 16:21:03 2016 [21623][-none-][FATAL]  Query Failed: SHOW TABLES LIKE 'fields_meta_data';: MySQL error 1046: No database selected
Tue Jun  7 16:21:03 2016 [21623][-none-][FATAL]  Query Failed: SHOW TABLES LIKE 'fields_meta_data';: MySQL error 1046: No database selected
Tue Jun  7 16:21:03 2016 [21623][-none-][FATAL]  Query Failed: SHOW TABLES LIKE 'fields_meta_data';: MySQL error 1046: No database selected
Tue Jun  7 16:21:03 2016 [21623][-none-][FATAL]  Query Failed: SHOW TABLES LIKE 'fields_meta_data';: MySQL error 1046: No database selected
Tue Jun  7 16:21:03 2016 [21623][-none-][FATAL]  Query Failed: SHOW TABLES LIKE 'fields_meta_data';: MySQL error 1046: No database selected
Tue Jun  7 16:21:03 2016 [21623][-none-][FATAL]  Query Failed: SHOW TABLES LIKE 'fields_meta_data';: MySQL error 1046: No database selected
Tue Jun  7 16:21:03 2016 [21623][-none-][FATAL]  Query Failed: SHOW TABLES LIKE 'fields_meta_data';: MySQL error 1046: No database selected
Tue Jun  7 16:21:03 2016 [21623][-none-][FATAL]  Query Failed: SHOW TABLES LIKE 'fields_meta_data';: MySQL error 1046: No database selected
Tue Jun  7 16:21:03 2016 [21623][-none-][FATAL]  Query Failed: SHOW TABLES LIKE 'fields_meta_data';: MySQL error 1046: No database selected
Tue Jun  7 16:21:03 2016 [21623][-none-][FATAL]  Query Failed: SHOW TABLES LIKE 'fields_meta_data';: MySQL error 1046: No database selected
Tue Jun  7 16:21:03 2016 [21623][-none-][FATAL]  Query Failed: SHOW TABLES LIKE 'fields_meta_data';: MySQL error 1046: No database selected
Tue Jun  7 16:21:03 2016 [21623][-none-][FATAL]  Query Failed: SHOW TABLES LIKE 'fields_meta_data';: MySQL error 1046: No database selected
Tue Jun  7 16:21:03 2016 [21623][-none-][FATAL]  Query Failed: SHOW TABLES LIKE 'fields_meta_data';: MySQL error 1046: No database selected
Tue Jun  7 16:21:03 2016 [21623][-none-][FATAL]  Query Failed: SHOW TABLES LIKE 'fields_meta_data';: MySQL error 1046: No database selected
Tue Jun  7 16:21:03 2016 [21623][-none-][FATAL]  Query Failed: SHOW TABLES LIKE 'fields_meta_data';: MySQL error 1046: No database selected
Tue Jun  7 16:21:03 2016 [21623][-none-][FATAL]  Query Failed: SHOW TABLES LIKE 'fields_meta_data';: MySQL error 1046: No database selected
Tue Jun  7 16:21:03 2016 [21623][-none-][FATAL]  Query Failed: SHOW TABLES LIKE 'fields_meta_data';: MySQL error 1046: No database selected
Tue Jun  7 16:21:03 2016 [21623][-none-][FATAL]  Query Failed: SHOW TABLES LIKE 'fields_meta_data';: MySQL error 1046: No database selected
Tue Jun  7 16:21:03 2016 [21623][-none-][FATAL]  Query Failed: SHOW TABLES LIKE 'fields_meta_data';: MySQL error 1046: No database selected
Tue Jun  7 16:21:03 2016 [21623][-none-][FATAL]  Query Failed: SHOW TABLES LIKE 'fields_meta_data';: MySQL error 1046: No database selected
Tue Jun  7 16:21:03 2016 [21623][-none-][FATAL]  Query Failed: SHOW TABLES LIKE 'fields_meta_data';: MySQL error 1046: No database selected
Tue Jun  7 16:21:03 2016 [21623][-none-][FATAL]  Query Failed: SHOW TABLES LIKE 'fields_meta_data';: MySQL error 1046: No database selected
Tue Jun  7 16:21:03 2016 [21623][-none-][FATAL]  Query Failed: SHOW TABLES LIKE 'fields_meta_data';: MySQL error 1046: No database selected
Tue Jun  7 16:21:03 2016 [21623][-none-][FATAL]  Query Failed: SHOW TABLES LIKE 'fields_meta_data';: MySQL error 1046: No database selected
Tue Jun  7 16:21:03 2016 [21623][-none-][FATAL]  Query Failed: SHOW TABLES LIKE 'fields_meta_data';: MySQL error 1046: No database selected
Tue Jun  7 16:21:03 2016 [21623][-none-][FATAL]  Query Failed: SHOW TABLES LIKE 'fields_meta_data';: MySQL error 1046: No database selected
Tue Jun  7 16:21:03 2016 [21623][-none-][FATAL]  Query Failed: SHOW TABLES LIKE 'fields_meta_data';: MySQL error 1046: No database selected
Tue Jun  7 16:21:03 2016 [21623][-none-][FATAL]  Query Failed: SHOW TABLES LIKE 'fields_meta_data';: MySQL error 1046: No database selected
Tue Jun  7 16:21:03 2016 [21623][-none-][FATAL]  Query Failed: SHOW TABLES LIKE 'fields_meta_data';: MySQL error 1046: No database selected
Tue Jun  7 16:21:03 2016 [21623][-none-][FATAL]  Query Failed: SHOW TABLES LIKE 'fields_meta_data';: MySQL error 1046: No database selected
Tue Jun  7 16:21:03 2016 [21623][-none-][FATAL]  Query Failed: SHOW TABLES LIKE 'fields_meta_data';: MySQL error 1046: No database selected
Tue Jun  7 16:21:03 2016 [21623][-none-][FATAL]  Query Failed: SHOW TABLES LIKE 'fields_meta_data';: MySQL error 1046: No database selected
Tue Jun  7 16:21:03 2016 [21623][-none-][FATAL]  Query Failed: SHOW TABLES LIKE 'fields_meta_data';: MySQL error 1046: No database selected
Tue Jun  7 16:21:03 2016 [21623][-none-][FATAL]  Query Failed: SHOW TABLES LIKE 'fields_meta_data';: MySQL error 1046: No database selected
Tue Jun  7 16:21:03 2016 [21623][-none-][FATAL]  Query Failed: SHOW TABLES LIKE 'fields_meta_data';: MySQL error 1046: No database selected
Tue Jun  7 16:21:03 2016 [21623][-none-][FATAL]  Query Failed: SHOW TABLES LIKE 'fields_meta_data';: MySQL error 1046: No database selected
Tue Jun  7 16:21:03 2016 [21623][-none-][FATAL]  Query Failed: SHOW TABLES LIKE 'fields_meta_data';: MySQL error 1046: No database selected
Tue Jun  7 16:21:03 2016 [21623][-none-][FATAL]  Query Failed: SHOW TABLES LIKE 'fields_meta_data';: MySQL error 1046: No database selected
Tue Jun  7 16:21:03 2016 [21623][-none-][FATAL]  Query Failed: SHOW TABLES LIKE 'fields_meta_data';: MySQL error 1046: No database selected
Tue Jun  7 16:21:03 2016 [21623][-none-][FATAL]  Query Failed: SHOW TABLES LIKE 'fields_meta_data';: MySQL error 1046: No database selected
Tue Jun  7 16:21:03 2016 [21623][-none-][FATAL]  Query Failed: SHOW TABLES LIKE 'fields_meta_data';: MySQL error 1046: No database selected
Tue Jun  7 16:21:03 2016 [21623][-none-][FATAL]  Query Failed: SHOW TABLES LIKE 'fields_meta_data';: MySQL error 1046: No database selected
Tue Jun  7 16:21:03 2016 [21623][-none-][FATAL]  Query Failed: SHOW TABLES LIKE 'fields_meta_data';: MySQL error 1046: No database selected
Tue Jun  7 16:21:03 2016 [21623][-none-][FATAL]  Query Failed: SHOW TABLES LIKE 'fields_meta_data';: MySQL error 1046: No database selected
Tue Jun  7 16:21:03 2016 [21623][-none-][FATAL]  Query Failed: SHOW TABLES LIKE 'fields_meta_data';: MySQL error 1046: No database selected
Tue Jun  7 16:21:03 2016 [21623][-none-][FATAL]  Query Failed: SHOW TABLES LIKE 'fields_meta_data';: MySQL error 1046: No database selected
Tue Jun  7 16:21:03 2016 [21623][-none-][FATAL]  Query Failed: SHOW TABLES LIKE 'fields_meta_data';: MySQL error 1046: No database selected
Tue Jun  7 16:21:03 2016 [21623][-none-][FATAL]  Query Failed: SHOW TABLES LIKE 'fields_meta_data';: MySQL error 1046: No database selected
Tue Jun  7 16:21:03 2016 [21623][-none-][FATAL]  Query Failed: SHOW TABLES LIKE 'fields_meta_data';: MySQL error 1046: No database selected
Tue Jun  7 16:21:03 2016 [21623][-none-][FATAL]  Query Failed: SHOW TABLES LIKE 'fields_meta_data';: MySQL error 1046: No database selected
Tue Jun  7 16:21:03 2016 [21623][-none-][FATAL]  Query Failed: SHOW TABLES LIKE 'fields_meta_data';: MySQL error 1046: No database selected
Tue Jun  7 16:21:03 2016 [21623][-none-][FATAL]  Query Failed: SHOW TABLES LIKE 'fields_meta_data';: MySQL error 1046: No database selected
Tue Jun  7 16:21:03 2016 [21623][-none-][FATAL]  Query Failed: SHOW TABLES LIKE 'fields_meta_data';: MySQL error 1046: No database selected
Tue Jun  7 16:21:03 2016 [21623][-none-][FATAL]  Query Failed: SHOW TABLES LIKE 'fields_meta_data';: MySQL error 1046: No database selected
Tue Jun  7 16:21:03 2016 [21623][-none-][FATAL]  Query Failed: SHOW TABLES LIKE 'fields_meta_data';: MySQL error 1046: No database selected
Tue Jun  7 16:21:03 2016 [21623][-none-][FATAL]  Query Failed: SHOW TABLES LIKE 'fields_meta_data';: MySQL error 1046: No database selected
Tue Jun  7 16:21:03 2016 [21623][-none-][FATAL]  Query Failed: SHOW TABLES LIKE 'fields_meta_data';: MySQL error 1046: No database selected
Tue Jun  7 16:21:03 2016 [21623][-none-][FATAL]  Query Failed: SHOW TABLES LIKE 'fields_meta_data';: MySQL error 1046: No database selected
Tue Jun  7 16:21:03 2016 [21623][-none-][FATAL]  Query Failed: SHOW TABLES LIKE 'fields_meta_data';: MySQL error 1046: No database selected
Tue Jun  7 16:21:03 2016 [21623][-none-][FATAL]  Query Failed: SHOW TABLES LIKE 'fields_meta_data';: MySQL error 1046: No database selected
Tue Jun  7 16:21:03 2016 [21623][-none-][FATAL]  Query Failed: SHOW TABLES LIKE 'fields_meta_data';: MySQL error 1046: No database selected
Tue Jun  7 16:21:03 2016 [21623][-none-][FATAL]  Query Failed: SHOW TABLES LIKE 'fields_meta_data';: MySQL error 1046: No database selected
Tue Jun  7 16:21:03 2016 [21623][-none-][FATAL]  Query Failed: SHOW TABLES LIKE 'fields_meta_data';: MySQL error 1046: No database selected
Tue Jun  7 16:21:03 2016 [21623][-none-][FATAL]  Query Failed: SHOW TABLES LIKE 'fields_meta_data';: MySQL error 1046: No database selected
Tue Jun  7 16:21:03 2016 [21623][-none-][FATAL]  Query Failed: SHOW TABLES LIKE 'fields_meta_data';: MySQL error 1046: No database selected
Tue Jun  7 16:21:03 2016 [21623][-none-][FATAL]  Query Failed: SHOW TABLES LIKE 'fields_meta_data';: MySQL error 1046: No database selected
Tue Jun  7 16:21:03 2016 [21623][-none-][FATAL]  Query Failed: SHOW TABLES LIKE 'fields_meta_data';: MySQL error 1046: No database selected
Tue Jun  7 16:21:03 2016 [21623][-none-][FATAL]  Query Failed: SHOW TABLES LIKE 'fields_meta_data';: MySQL error 1046: No database selected
Tue Jun  7 16:21:03 2016 [21623][-none-][FATAL]  Query Failed: SHOW TABLES LIKE 'fields_meta_data';: MySQL error 1046: No database selected
Tue Jun  7 16:21:03 2016 [21623][-none-][FATAL]  Query Failed: SHOW TABLES LIKE 'fields_meta_data';: MySQL error 1046: No database selected
Tue Jun  7 16:21:03 2016 [21623][-none-][FATAL]  Query Failed: SHOW TABLES LIKE 'fields_meta_data';: MySQL error 1046: No database selected
Tue Jun  7 16:21:03 2016 [21623][-none-][FATAL]  Query Failed: SHOW TABLES LIKE 'fields_meta_data';: MySQL error 1046: No database selected
Tue Jun  7 16:21:03 2016 [21623][-none-][FATAL]  Query Failed: SHOW TABLES LIKE 'fields_meta_data';: MySQL error 1046: No database selected
Tue Jun  7 16:21:03 2016 [21623][-none-][FATAL]  Query Failed: SHOW TABLES LIKE 'fields_meta_data';: MySQL error 1046: No database selected
Tue Jun  7 16:21:03 2016 [21623][-none-][FATAL]  Query Failed: SHOW TABLES LIKE 'fields_meta_data';: MySQL error 1046: No database selected
Tue Jun  7 16:21:03 2016 [21623][-none-][FATAL]  Query Failed: SHOW TABLES LIKE 'fields_meta_data';: MySQL error 1046: No database selected
Tue Jun  7 16:21:03 2016 [21623][-none-][FATAL]  Query Failed: SHOW TABLES LIKE 'fields_meta_data';: MySQL error 1046: No database selected
Tue Jun  7 16:21:03 2016 [21623][-none-][FATAL]  Query Failed: SHOW TABLES LIKE 'fields_meta_data';: MySQL error 1046: No database selected
Tue Jun  7 16:21:03 2016 [21623][-none-][FATAL]  Query Failed: SHOW TABLES LIKE 'fields_meta_data';: MySQL error 1046: No database selected
Tue Jun  7 16:21:03 2016 [21623][-none-][FATAL]  Query Failed: SHOW TABLES LIKE 'fields_meta_data';: MySQL error 1046: No database selected
Tue Jun  7 16:21:03 2016 [21623][-none-][FATAL]  Query Failed: SHOW TABLES LIKE 'fields_meta_data';: MySQL error 1046: No database selected
Tue Jun  7 16:21:03 2016 [21623][-none-][FATAL]  Query Failed: SHOW TABLES LIKE 'fields_meta_data';: MySQL error 1046: No database selected
Tue Jun  7 16:21:03 2016 [21623][-none-][FATAL]  Query Failed: SHOW TABLES LIKE 'fields_meta_data';: MySQL error 1046: No database selected
Tue Jun  7 16:21:03 2016 [21623][-none-][FATAL]  Query Failed: SHOW TABLES LIKE 'fields_meta_data';: MySQL error 1046: No database selected
Tue Jun  7 16:21:03 2016 [21623][-none-][FATAL]  Query Failed: SHOW TABLES LIKE 'fields_meta_data';: MySQL error 1046: No database selected
Tue Jun  7 16:21:03 2016 [21623][-none-][FATAL]  Query Failed: SHOW TABLES LIKE 'fields_meta_data';: MySQL error 1046: No database selected
Tue Jun  7 16:21:03 2016 [21623][-none-][FATAL]  Query Failed: SHOW TABLES LIKE 'fields_meta_data';: MySQL error 1046: No database selected
Tue Jun  7 16:21:03 2016 [21623][-none-][FATAL]  Query Failed: SHOW TABLES LIKE 'fields_meta_data';: MySQL error 1046: No database selected
Tue Jun  7 16:21:03 2016 [21623][-none-][FATAL]  Query Failed: SHOW TABLES LIKE 'fields_meta_data';: MySQL error 1046: No database selected
Tue Jun  7 16:21:03 2016 [21623][-none-][FATAL]  Query Failed: SHOW TABLES LIKE 'fields_meta_data';: MySQL error 1046: No database selected
Tue Jun  7 16:21:03 2016 [21623][-none-][FATAL]  Query Failed: SHOW TABLES LIKE 'fields_meta_data';: MySQL error 1046: No database selected
Tue Jun  7 16:21:03 2016 [21623][-none-][FATAL]  Query Failed: SHOW TABLES LIKE 'fields_meta_data';: MySQL error 1046: No database selected
Tue Jun  7 16:21:03 2016 [21623][-none-][FATAL]  Query Failed: SHOW TABLES LIKE 'fields_meta_data';: MySQL error 1046: No database selected
Tue Jun  7 16:21:03 2016 [21623][-none-][FATAL]  Query Failed: SHOW TABLES LIKE 'fields_meta_data';: MySQL error 1046: No database selected
Tue Jun  7 16:21:03 2016 [21623][-none-][FATAL]  Query Failed: SHOW TABLES LIKE 'fields_meta_data';: MySQL error 1046: No database selected
Tue Jun  7 16:21:03 2016 [21623][-none-][FATAL]  Query Failed: SHOW TABLES LIKE 'fields_meta_data';: MySQL error 1046: No database selected
Tue Jun  7 16:21:03 2016 [21623][-none-][FATAL]  Query Failed: SHOW TABLES LIKE 'fields_meta_data';: MySQL error 1046: No database selected
Tue Jun  7 16:21:03 2016 [21623][-none-][FATAL]  Query Failed: SHOW TABLES LIKE 'fields_meta_data';: MySQL error 1046: No database selected
Tue Jun  7 16:21:03 2016 [21623][-none-][FATAL]  Query Failed: SHOW TABLES LIKE 'fields_meta_data';: MySQL error 1046: No database selected
Tue Jun  7 16:21:03 2016 [21623][-none-][FATAL]  Query Failed: SHOW TABLES LIKE 'fields_meta_data';: MySQL error 1046: No database selected
Tue Jun  7 16:21:03 2016 [21623][-none-][FATAL]  Query Failed: SHOW TABLES LIKE 'fields_meta_data';: MySQL error 1046: No database selected
Tue Jun  7 16:21:03 2016 [21623][-none-][FATAL]  Query Failed: SHOW TABLES LIKE 'fields_meta_data';: MySQL error 1046: No database selected
Tue Jun  7 16:21:03 2016 [21623][-none-][FATAL]  Query Failed: SHOW TABLES LIKE 'fields_meta_data';: MySQL error 1046: No database selected
Tue Jun  7 16:21:03 2016 [21623][-none-][FATAL]  Query Failed: SHOW TABLES LIKE 'fields_meta_data';: MySQL error 1046: No database selected
Tue Jun  7 16:21:03 2016 [21623][-none-][FATAL]  Query Failed: SHOW TABLES LIKE 'fields_meta_data';: MySQL error 1046: No database selected
Tue Jun  7 16:21:03 2016 [21623][-none-][FATAL]  Query Failed: SHOW TABLES LIKE 'fields_meta_data';: MySQL error 1046: No database selected
Tue Jun  7 16:21:03 2016 [21623][-none-][FATAL]  Query Failed: SHOW TABLES LIKE 'fields_meta_data';: MySQL error 1046: No database selected
Tue Jun  7 16:21:03 2016 [21623][-none-][FATAL]  Query Failed: SHOW TABLES LIKE 'fields_meta_data';: MySQL error 1046: No database selected
Tue Jun  7 16:21:03 2016 [21623][-none-][FATAL]  Query Failed: SHOW TABLES LIKE 'fields_meta_data';: MySQL error 1046: No database selected
Tue Jun  7 16:21:03 2016 [21623][-none-][FATAL]  Query Failed: SHOW TABLES LIKE 'fields_meta_data';: MySQL error 1046: No database selected
Tue Jun  7 16:21:03 2016 [21623][-none-][FATAL]  Query Failed: SHOW TABLES LIKE 'fields_meta_data';: MySQL error 1046: No database selected
Tue Jun  7 16:21:03 2016 [21623][-none-][FATAL]  Query Failed: SHOW TABLES LIKE 'fields_meta_data';: MySQL error 1046: No database selected
Tue Jun  7 16:21:03 2016 [21623][-none-][FATAL]  Query Failed: SHOW TABLES LIKE 'fields_meta_data';: MySQL error 1046: No database selected
Tue Jun  7 16:21:03 2016 [21623][-none-][FATAL]  Query Failed: SHOW TABLES LIKE 'fields_meta_data';: MySQL error 1046: No database selected
Tue Jun  7 16:21:03 2016 [21623][-none-][FATAL]  Query Failed: SHOW TABLES LIKE 'fields_meta_data';: MySQL error 1046: No database selected
Tue Jun  7 16:21:03 2016 [21623][-none-][FATAL]  Query Failed: SHOW TABLES LIKE 'fields_meta_data';: MySQL error 1046: No database selected
Tue Jun  7 16:21:03 2016 [21623][-none-][FATAL]  Query Failed: SHOW TABLES LIKE 'fields_meta_data';: MySQL error 1046: No database selected
Tue Jun  7 16:21:03 2016 [21623][-none-][FATAL]  Query Failed: SHOW TABLES LIKE 'fields_meta_data';: MySQL error 1046: No database selected
Tue Jun  7 16:21:03 2016 [21623][-none-][FATAL]  Query Failed: SHOW TABLES LIKE 'fields_meta_data';: MySQL error 1046: No database selected
Tue Jun  7 16:21:03 2016 [21623][-none-][FATAL]  Query Failed: SHOW TABLES LIKE 'fields_meta_data';: MySQL error 1046: No database selected
Tue Jun  7 16:21:03 2016 [21623][-none-][FATAL]  Query Failed: SHOW TABLES LIKE 'fields_meta_data';: MySQL error 1046: No database selected
Tue Jun  7 16:21:03 2016 [21623][-none-][FATAL]  Query Failed: SHOW TABLES LIKE 'fields_meta_data';: MySQL error 1046: No database selected
Tue Jun  7 16:21:03 2016 [21623][-none-][FATAL]  Query Failed: SHOW TABLES LIKE 'fields_meta_data';: MySQL error 1046: No database selected
Tue Jun  7 16:21:03 2016 [21623][-none-][FATAL]  Query Failed: SHOW TABLES LIKE 'fields_meta_data';: MySQL error 1046: No database selected
Tue Jun  7 16:21:03 2016 [21623][-none-][FATAL]  Query Failed: SHOW TABLES LIKE 'fields_meta_data';: MySQL error 1046: No database selected
Tue Jun  7 16:21:03 2016 [21623][-none-][FATAL]  Query Failed: SHOW TABLES LIKE 'fields_meta_data';: MySQL error 1046: No database selected
Tue Jun  7 16:21:03 2016 [21623][-none-][FATAL]  Query Failed: SHOW TABLES LIKE 'fields_meta_data';: MySQL error 1046: No database selected
Tue Jun  7 16:21:03 2016 [21623][-none-][FATAL]  Query Failed: SHOW TABLES LIKE 'fields_meta_data';: MySQL error 1046: No database selected
Tue Jun  7 16:21:03 2016 [21623][-none-][FATAL]  Query Failed: SHOW TABLES LIKE 'fields_meta_data';: MySQL error 1046: No database selected
Tue Jun  7 16:21:03 2016 [21623][-none-][FATAL]  Query Failed: SHOW TABLES LIKE 'fields_meta_data';: MySQL error 1046: No database selected
Tue Jun  7 16:21:03 2016 [21623][-none-][FATAL]  Query Failed: SHOW TABLES LIKE 'fields_meta_data';: MySQL error 1046: No database selected
Tue Jun  7 16:21:03 2016 [21623][-none-][FATAL]  Query Failed: SHOW TABLES LIKE 'fields_meta_data';: MySQL error 1046: No database selected
Tue Jun  7 16:21:03 2016 [21623][-none-][FATAL]  Query Failed: SHOW TABLES LIKE 'fields_meta_data';: MySQL error 1046: No database selected
Tue Jun  7 16:21:03 2016 [21623][-none-][FATAL]  Query Failed: SHOW TABLES LIKE 'fields_meta_data';: MySQL error 1046: No database selected
Tue Jun  7 16:21:03 2016 [21623][-none-][FATAL]  Query Failed: SHOW TABLES LIKE 'fields_meta_data';: MySQL error 1046: No database selected
Tue Jun  7 16:21:03 2016 [21623][-none-][FATAL]  Query Failed: SHOW TABLES LIKE 'fields_meta_data';: MySQL error 1046: No database selected
Tue Jun  7 16:21:03 2016 [21623][-none-][FATAL]  Query Failed: SHOW TABLES LIKE 'fields_meta_data';: MySQL error 1046: No database selected
Tue Jun  7 16:21:03 2016 [21623][-none-][FATAL]  Query Failed: SHOW TABLES LIKE 'fields_meta_data';: MySQL error 1046: No database selected
Tue Jun  7 16:21:03 2016 [21623][-none-][FATAL]  Query Failed: SHOW TABLES LIKE 'fields_meta_data';: MySQL error 1046: No database selected
Tue Jun  7 16:21:03 2016 [21623][-none-][FATAL]  Query Failed: SHOW TABLES LIKE 'fields_meta_data';: MySQL error 1046: No database selected
Tue Jun  7 16:21:03 2016 [21623][-none-][FATAL]  Query Failed: SHOW TABLES LIKE 'fields_meta_data';: MySQL error 1046: No database selected
Tue Jun  7 16:21:03 2016 [21623][-none-][FATAL]  Query Failed: SHOW TABLES LIKE 'fields_meta_data';: MySQL error 1046: No database selected
Tue Jun  7 16:21:03 2016 [21623][-none-][FATAL]  Query Failed: SHOW TABLES LIKE 'fields_meta_data';: MySQL error 1046: No database selected
Tue Jun  7 16:21:03 2016 [21623][-none-][FATAL]  Query Failed: SHOW TABLES LIKE 'fields_meta_data';: MySQL error 1046: No database selected
Tue Jun  7 16:21:03 2016 [21623][-none-][FATAL]  Query Failed: SHOW TABLES LIKE 'fields_meta_data';: MySQL error 1046: No database selected
Tue Jun  7 16:21:03 2016 [21623][-none-][FATAL]  Query Failed: SHOW TABLES LIKE 'fields_meta_data';: MySQL error 1046: No database selected
Tue Jun  7 16:21:03 2016 [21623][-none-][FATAL]  Query Failed: SHOW TABLES LIKE 'fields_meta_data';: MySQL error 1046: No database selected
Tue Jun  7 16:21:03 2016 [21623][-none-][FATAL]  Query Failed: SHOW TABLES LIKE 'fields_meta_data';: MySQL error 1046: No database selected
Tue Jun  7 16:21:03 2016 [21623][-none-][FATAL]  Query Failed: SHOW TABLES LIKE 'fields_meta_data';: MySQL error 1046: No database selected
Tue Jun  7 16:21:03 2016 [21623][-none-][FATAL]  Query Failed: SHOW TABLES LIKE 'fields_meta_data';: MySQL error 1046: No database selected
Tue Jun  7 16:21:03 2016 [21623][-none-][FATAL]  Query Failed: SHOW TABLES LIKE 'fields_meta_data';: MySQL error 1046: No database selected
Tue Jun  7 16:21:03 2016 [21623][-none-][FATAL]  Query Failed: SHOW TABLES LIKE 'fields_meta_data';: MySQL error 1046: No database selected
Tue Jun  7 16:21:03 2016 [21623][-none-][FATAL]  Query Failed: SHOW TABLES LIKE 'fields_meta_data';: MySQL error 1046: No database selected
Tue Jun  7 16:21:03 2016 [21623][-none-][FATAL]  Query Failed: SHOW TABLES LIKE 'fields_meta_data';: MySQL error 1046: No database selected
Tue Jun  7 16:21:03 2016 [21623][-none-][FATAL]  Query Failed: SHOW TABLES LIKE 'fields_meta_data';: MySQL error 1046: No database selected
Tue Jun  7 16:21:03 2016 [21623][-none-][FATAL]  Query Failed: SHOW TABLES LIKE 'fields_meta_data';: MySQL error 1046: No database selected
Tue Jun  7 16:21:03 2016 [21623][-none-][FATAL]  Query Failed: SHOW TABLES LIKE 'fields_meta_data';: MySQL error 1046: No database selected
Tue Jun  7 16:21:03 2016 [21623][-none-][FATAL]  Query Failed: SHOW TABLES LIKE 'fields_meta_data';: MySQL error 1046: No database selected
Tue Jun  7 16:21:03 2016 [21623][-none-][FATAL]  Query Failed: SHOW TABLES LIKE 'fields_meta_data';: MySQL error 1046: No database selected
Tue Jun  7 16:21:03 2016 [21623][-none-][FATAL]  Query Failed: SHOW TABLES LIKE 'fields_meta_data';: MySQL error 1046: No database selected
Tue Jun  7 16:21:03 2016 [21623][-none-][FATAL]  Query Failed: SHOW TABLES LIKE 'fields_meta_data';: MySQL error 1046: No database selected
Tue Jun  7 16:21:03 2016 [21623][-none-][FATAL]  Query Failed: SHOW TABLES LIKE 'fields_meta_data';: MySQL error 1046: No database selected
Tue Jun  7 16:21:03 2016 [21623][-none-][FATAL]  Query Failed: SHOW TABLES LIKE 'fields_meta_data';: MySQL error 1046: No database selected
Tue Jun  7 16:21:03 2016 [21623][-none-][FATAL]  Query Failed: SHOW TABLES LIKE 'fields_meta_data';: MySQL error 1046: No database selected
Tue Jun  7 16:21:03 2016 [21623][-none-][FATAL]  Query Failed: SHOW TABLES LIKE 'fields_meta_data';: MySQL error 1046: No database selected
Tue Jun  7 16:21:03 2016 [21623][-none-][FATAL]  Query Failed: SHOW TABLES LIKE 'fields_meta_data';: MySQL error 1046: No database selected
Tue Jun  7 16:21:03 2016 [21623][-none-][FATAL]  Query Failed: SHOW TABLES LIKE 'fields_meta_data';: MySQL error 1046: No database selected
Tue Jun  7 16:21:03 2016 [21623][-none-][FATAL]  Query Failed: SHOW TABLES LIKE 'fields_meta_data';: MySQL error 1046: No database selected
Tue Jun  7 16:21:03 2016 [21623][-none-][FATAL]  Query Failed: SHOW TABLES LIKE 'fields_meta_data';: MySQL error 1046: No database selected
Tue Jun  7 16:21:03 2016 [21623][-none-][FATAL]  Query Failed: SHOW TABLES LIKE 'fields_meta_data';: MySQL error 1046: No database selected
Tue Jun  7 16:21:03 2016 [21623][-none-][FATAL]  Query Failed: SHOW TABLES LIKE 'fields_meta_data';: MySQL error 1046: No database selected
Tue Jun  7 16:21:03 2016 [21623][-none-][FATAL]  Query Failed: SHOW TABLES LIKE 'fields_meta_data';: MySQL error 1046: No database selected
Tue Jun  7 16:21:03 2016 [21623][-none-][FATAL]  Query Failed: SHOW TABLES LIKE 'fields_meta_data';: MySQL error 1046: No database selected
Tue Jun  7 16:21:03 2016 [21623][-none-][FATAL]  Query Failed: SHOW TABLES LIKE 'fields_meta_data';: MySQL error 1046: No database selected
Tue Jun  7 16:21:03 2016 [21623][-none-][FATAL]  Query Failed: SHOW TABLES LIKE 'fields_meta_data';: MySQL error 1046: No database selected
Tue Jun  7 16:21:03 2016 [21623][-none-][FATAL]  Query Failed: SHOW TABLES LIKE 'fields_meta_data';: MySQL error 1046: No database selected
Tue Jun  7 16:21:03 2016 [21623][-none-][FATAL]  Query Failed: SHOW TABLES LIKE 'fields_meta_data';: MySQL error 1046: No database selected
Tue Jun  7 16:21:03 2016 [21623][-none-][FATAL]  Query Failed: SHOW TABLES LIKE 'fields_meta_data';: MySQL error 1046: No database selected
Tue Jun  7 16:21:03 2016 [21623][-none-][FATAL]  Query Failed: SHOW TABLES LIKE 'fields_meta_data';: MySQL error 1046: No database selected
Tue Jun  7 16:21:03 2016 [21623][-none-][FATAL]  Query Failed: SHOW TABLES LIKE 'fields_meta_data';: MySQL error 1046: No database selected
Tue Jun  7 16:21:03 2016 [21623][-none-][FATAL]  Query Failed: SHOW TABLES LIKE 'fields_meta_data';: MySQL error 1046: No database selected
Tue Jun  7 16:21:03 2016 [21623][-none-][FATAL]  Query Failed: SHOW TABLES LIKE 'fields_meta_data';: MySQL error 1046: No database selected
Tue Jun  7 16:21:03 2016 [21623][-none-][FATAL]  Query Failed: SHOW TABLES LIKE 'fields_meta_data';: MySQL error 1046: No database selected
Tue Jun  7 16:21:03 2016 [21623][-none-][FATAL]  Query Failed: SHOW TABLES LIKE 'fields_meta_data';: MySQL error 1046: No database selected
Tue Jun  7 16:21:03 2016 [21623][-none-][FATAL]  Query Failed: SHOW TABLES LIKE 'fields_meta_data';: MySQL error 1046: No database selected
Tue Jun  7 16:21:03 2016 [21623][-none-][FATAL]  Query Failed: SHOW TABLES LIKE 'fields_meta_data';: MySQL error 1046: No database selected
Tue Jun  7 16:21:03 2016 [21623][-none-][FATAL]  Query Failed: SHOW TABLES LIKE 'fields_meta_data';: MySQL error 1046: No database selected
Tue Jun  7 16:21:03 2016 [21623][-none-][FATAL]  Query Failed: SHOW TABLES LIKE 'fields_meta_data';: MySQL error 1046: No database selected
Tue Jun  7 16:21:03 2016 [21623][-none-][FATAL]  Query Failed: SHOW TABLES LIKE 'fields_meta_data';: MySQL error 1046: No database selected
Tue Jun  7 16:21:03 2016 [21623][-none-][FATAL]  Query Failed: SHOW TABLES LIKE 'fields_meta_data';: MySQL error 1046: No database selected
Tue Jun  7 16:21:03 2016 [21623][-none-][FATAL]  Query Failed: SHOW TABLES LIKE 'fields_meta_data';: MySQL error 1046: No database selected
Tue Jun  7 16:21:03 2016 [21623][-none-][FATAL]  Query Failed: SHOW TABLES LIKE 'fields_meta_data';: MySQL error 1046: No database selected
Tue Jun  7 16:22:23 2016 [21647][-none-][FATAL] Configuration variable date.timezone is not set, guessed timezone Europe/London. Please set date.timezone="Europe/London" in php.ini!
Tue Jun  7 16:22:27 2016 [21625][-none-][FATAL] Configuration variable date.timezone is not set, guessed timezone Europe/London. Please set date.timezone="Europe/London" in php.ini!
Tue Jun  7 16:22:31 2016 [21625][-none-][FATAL] Configuration variable date.timezone is not set, guessed timezone Europe/London. Please set date.timezone="Europe/London" in php.ini!
Tue Jun  7 16:22:32 2016 [21626][-none-][FATAL] Configuration variable date.timezone is not set, guessed timezone Europe/London. Please set date.timezone="Europe/London" in php.ini!
Tue Jun  7 16:22:32 2016 [21626][-none-][FATAL] Configuration variable date.timezone is not set, guessed timezone Europe/London. Please set date.timezone="Europe/London" in php.ini!
Tue Jun  7 16:22:33 2016 [21625][-none-][FATAL] Configuration variable date.timezone is not set, guessed timezone Europe/London. Please set date.timezone="Europe/London" in php.ini!
Tue Jun  7 16:22:33 2016 [21625][-none-][FATAL] Configuration variable date.timezone is not set, guessed timezone Europe/London. Please set date.timezone="Europe/London" in php.ini!
Tue Jun  7 16:22:53 2016 [21624][-none-][FATAL] Configuration variable date.timezone is not set, guessed timezone Europe/London. Please set date.timezone="Europe/London" in php.ini!
Tue Jun  7 16:22:55 2016 [21624][-none-][FATAL] Configuration variable date.timezone is not set, guessed timezone Europe/London. Please set date.timezone="Europe/London" in php.ini!
Tue Jun  7 16:22:55 2016 [21623][-none-][FATAL] Configuration variable date.timezone is not set, guessed timezone Europe/London. Please set date.timezone="Europe/London" in php.ini!
Tue Jun  7 16:22:56 2016 [21647][-none-][FATAL] Configuration variable date.timezone is not set, guessed timezone Europe/London. Please set date.timezone="Europe/London" in php.ini!
Tue Jun  7 16:23:00 2016 [21624][-none-][FATAL] Configuration variable date.timezone is not set, guessed timezone Europe/London. Please set date.timezone="Europe/London" in php.ini!
Tue Jun  7 16:23:05 2016 [21647][-none-][FATAL] Configuration variable date.timezone is not set, guessed timezone Europe/London. Please set date.timezone="Europe/London" in php.ini!
Tue Jun  7 16:23:05 2016 [21624][-none-][FATAL] Configuration variable date.timezone is not set, guessed timezone Europe/London. Please set date.timezone="Europe/London" in php.ini!
Tue Jun  7 16:23:05 2016 [21624][-none-][FATAL] Configuration variable date.timezone is not set, guessed timezone Europe/London. Please set date.timezone="Europe/London" in php.ini!
Tue Jun  7 16:23:05 2016 [26991][-none-][FATAL] Configuration variable date.timezone is not set, guessed timezone Europe/London. Please set date.timezone="Europe/London" in php.ini!
Tue Jun  7 16:23:05 2016 [21647][-none-][FATAL] Configuration variable date.timezone is not set, guessed timezone Europe/London. Please set date.timezone="Europe/London" in php.ini!
Tue Jun  7 16:23:05 2016 [21627][-none-][FATAL] Configuration variable date.timezone is not set, guessed timezone Europe/London. Please set date.timezone="Europe/London" in php.ini!
Tue Jun  7 16:23:27 2016 [21626][-none-][FATAL] Configuration variable date.timezone is not set, guessed timezone Europe/London. Please set date.timezone="Europe/London" in php.ini!
Tue Jun  7 16:23:28 2016 [21626][-none-][FATAL] Configuration variable date.timezone is not set, guessed timezone Europe/London. Please set date.timezone="Europe/London" in php.ini!
Tue Jun  7 16:23:34 2016 [21625][-none-][FATAL] Configuration variable date.timezone is not set, guessed timezone Europe/London. Please set date.timezone="Europe/London" in php.ini!
Tue Jun  7 16:23:46 2016 [21631][-none-][FATAL] Configuration variable date.timezone is not set, guessed timezone Europe/London. Please set date.timezone="Europe/London" in php.ini!
Tue Jun  7 16:23:47 2016 [21623][-none-][FATAL] Configuration variable date.timezone is not set, guessed timezone Europe/London. Please set date.timezone="Europe/London" in php.ini!
Tue Jun  7 16:23:47 2016 [21623][-none-][FATAL] Configuration variable date.timezone is not set, guessed timezone Europe/London. Please set date.timezone="Europe/London" in php.ini!
Tue Jun  7 16:23:47 2016 [27015][-none-][FATAL] Configuration variable date.timezone is not set, guessed timezone Europe/London. Please set date.timezone="Europe/London" in php.ini!
Tue Jun  7 16:23:48 2016 [21631][-none-][FATAL] Configuration variable date.timezone is not set, guessed timezone Europe/London. Please set date.timezone="Europe/London" in php.ini!
Tue Jun  7 16:23:48 2016 [27015][-none-][FATAL] Configuration variable date.timezone is not set, guessed timezone Europe/London. Please set date.timezone="Europe/London" in php.ini!
Tue Jun  7 16:23:48 2016 [27015][-none-][FATAL] Configuration variable date.timezone is not set, guessed timezone Europe/London. Please set date.timezone="Europe/London" in php.ini!
Tue Jun  7 16:23:48 2016 [27015][-none-][FATAL] Configuration variable date.timezone is not set, guessed timezone Europe/London. Please set date.timezone="Europe/London" in php.ini!
Tue Jun  7 16:23:48 2016 [21631][-none-][FATAL] Configuration variable date.timezone is not set, guessed timezone Europe/London. Please set date.timezone="Europe/London" in php.ini!
Tue Jun  7 16:23:49 2016 [21623][-none-][FATAL] Configuration variable date.timezone is not set, guessed timezone Europe/London. Please set date.timezone="Europe/London" in php.ini!
Tue Jun  7 16:23:49 2016 [21627][-none-][FATAL] Configuration variable date.timezone is not set, guessed timezone Europe/London. Please set date.timezone="Europe/London" in php.ini!
Tue Jun  7 16:23:49 2016 [27015][-none-][FATAL] Configuration variable date.timezone is not set, guessed timezone Europe/London. Please set date.timezone="Europe/London" in php.ini!
Tue Jun  7 16:23:49 2016 [27015][-none-][FATAL] Configuration variable date.timezone is not set, guessed timezone Europe/London. Please set date.timezone="Europe/London" in php.ini!
Tue Jun  7 16:23:49 2016 [27015][-none-][FATAL] Configuration variable date.timezone is not set, guessed timezone Europe/London. Please set date.timezone="Europe/London" in php.ini!
Tue Jun  7 16:23:49 2016 [21627][-none-][FATAL] Configuration variable date.timezone is not set, guessed timezone Europe/London. Please set date.timezone="Europe/London" in php.ini!
Tue Jun  7 16:23:49 2016 [21623][-none-][FATAL] Configuration variable date.timezone is not set, guessed timezone Europe/London. Please set date.timezone="Europe/London" in php.ini!
Tue Jun  7 16:23:49 2016 [21631][-none-][FATAL] Configuration variable date.timezone is not set, guessed timezone Europe/London. Please set date.timezone="Europe/London" in php.ini!
Tue Jun  7 16:23:49 2016 [21623][-none-][FATAL] Configuration variable date.timezone is not set, guessed timezone Europe/London. Please set date.timezone="Europe/London" in php.ini!
Tue Jun  7 16:23:49 2016 [21631][-none-][FATAL] Configuration variable date.timezone is not set, guessed timezone Europe/London. Please set date.timezone="Europe/London" in php.ini!
Tue Jun  7 16:23:50 2016 [21631][-none-][FATAL] Configuration variable date.timezone is not set, guessed timezone Europe/London. Please set date.timezone="Europe/London" in php.ini!
Tue Jun  7 16:23:57 2016 [21627][-none-][FATAL] Configuration variable date.timezone is not set, guessed timezone Europe/London. Please set date.timezone="Europe/London" in php.ini!
Tue Jun  7 16:23:58 2016 [21627][-none-][FATAL] Configuration variable date.timezone is not set, guessed timezone Europe/London. Please set date.timezone="Europe/London" in php.ini!
Tue Jun  7 16:28:48 2016 [21624][-none-][FATAL] Configuration variable date.timezone is not set, guessed timezone Europe/London. Please set date.timezone="Europe/London" in php.ini!
Tue Jun  7 16:28:48 2016 [26991][-none-][FATAL] Configuration variable date.timezone is not set, guessed timezone Europe/London. Please set date.timezone="Europe/London" in php.ini!
Tue Jun  7 16:28:49 2016 [21647][-none-][FATAL] Configuration variable date.timezone is not set, guessed timezone Europe/London. Please set date.timezone="Europe/London" in php.ini!
Tue Jun  7 16:33:49 2016 [21627][-none-][FATAL] Configuration variable date.timezone is not set, guessed timezone Europe/London. Please set date.timezone="Europe/London" in php.ini!
Tue Jun  7 16:33:49 2016 [21624][-none-][FATAL] Configuration variable date.timezone is not set, guessed timezone Europe/London. Please set date.timezone="Europe/London" in php.ini!
Tue Jun  7 16:33:49 2016 [21647][-none-][FATAL] Configuration variable date.timezone is not set, guessed timezone Europe/London. Please set date.timezone="Europe/London" in php.ini!
Tue Jun  7 16:38:50 2016 [21631][-none-][FATAL] Configuration variable date.timezone is not set, guessed timezone Europe/London. Please set date.timezone="Europe/London" in php.ini!
Tue Jun  7 16:38:50 2016 [21647][-none-][FATAL] Configuration variable date.timezone is not set, guessed timezone Europe/London. Please set date.timezone="Europe/London" in php.ini!
Tue Jun  7 16:38:50 2016 [21624][-none-][FATAL] Configuration variable date.timezone is not set, guessed timezone Europe/London. Please set date.timezone="Europe/London" in php.ini!
Tue Jun  7 16:43:51 2016 [27015][-none-][FATAL] Configuration variable date.timezone is not set, guessed timezone Europe/London. Please set date.timezone="Europe/London" in php.ini!
Tue Jun  7 16:43:51 2016 [21625][-none-][FATAL] Configuration variable date.timezone is not set, guessed timezone Europe/London. Please set date.timezone="Europe/London" in php.ini!
Tue Jun  7 16:43:51 2016 [21623][-none-][FATAL] Configuration variable date.timezone is not set, guessed timezone Europe/London. Please set date.timezone="Europe/London" in php.ini!
Tue Jun  7 17:46:40 2016 [21625][-none-][FATAL] Configuration variable date.timezone is not set, guessed timezone Europe/London. Please set date.timezone="Europe/London" in php.ini!
Tue Jun  7 17:46:51 2016 [21625][-none-][FATAL] Configuration variable date.timezone is not set, guessed timezone Europe/London. Please set date.timezone="Europe/London" in php.ini!
Tue Jun  7 17:46:52 2016 [21625][-none-][FATAL] Configuration variable date.timezone is not set, guessed timezone Europe/London. Please set date.timezone="Europe/London" in php.ini!
Tue Jun  7 17:46:52 2016 [21623][-none-][FATAL] Configuration variable date.timezone is not set, guessed timezone Europe/London. Please set date.timezone="Europe/London" in php.ini!
Tue Jun  7 17:46:52 2016 [21625][-none-][FATAL] Configuration variable date.timezone is not set, guessed timezone Europe/London. Please set date.timezone="Europe/London" in php.ini!
Tue Jun  7 17:46:56 2016 [21625][-none-][FATAL] Configuration variable date.timezone is not set, guessed timezone Europe/London. Please set date.timezone="Europe/London" in php.ini!
Tue Jun  7 17:46:56 2016 [21623][-none-][FATAL] Configuration variable date.timezone is not set, guessed timezone Europe/London. Please set date.timezone="Europe/London" in php.ini!
Tue Jun  7 17:46:56 2016 [21623][-none-][FATAL] Configuration variable date.timezone is not set, guessed timezone Europe/London. Please set date.timezone="Europe/London" in php.ini!
Tue Jun  7 17:46:56 2016 [21631][-none-][FATAL] Configuration variable date.timezone is not set, guessed timezone Europe/London. Please set date.timezone="Europe/London" in php.ini!
Tue Jun  7 17:46:57 2016 [21631][-none-][FATAL] Configuration variable date.timezone is not set, guessed timezone Europe/London. Please set date.timezone="Europe/London" in php.ini!
Tue Jun  7 17:46:57 2016 [21631][-none-][FATAL] Configuration variable date.timezone is not set, guessed timezone Europe/London. Please set date.timezone="Europe/London" in php.ini!
Tue Jun  7 17:46:57 2016 [21623][-none-][FATAL] Configuration variable date.timezone is not set, guessed timezone Europe/London. Please set date.timezone="Europe/London" in php.ini!
Tue Jun  7 17:46:57 2016 [21625][-none-][FATAL] Configuration variable date.timezone is not set, guessed timezone Europe/London. Please set date.timezone="Europe/London" in php.ini!
Tue Jun  7 17:46:58 2016 [21647][-none-][FATAL] Configuration variable date.timezone is not set, guessed timezone Europe/London. Please set date.timezone="Europe/London" in php.ini!
Tue Jun  7 17:46:58 2016 [21647][-none-][FATAL] Configuration variable date.timezone is not set, guessed timezone Europe/London. Please set date.timezone="Europe/London" in php.ini!
Tue Jun  7 17:46:58 2016 [21624][-none-][FATAL] Configuration variable date.timezone is not set, guessed timezone Europe/London. Please set date.timezone="Europe/London" in php.ini!
Tue Jun  7 17:46:58 2016 [21631][-none-][FATAL] Configuration variable date.timezone is not set, guessed timezone Europe/London. Please set date.timezone="Europe/London" in php.ini!
Tue Jun  7 17:46:58 2016 [21627][-none-][FATAL] Configuration variable date.timezone is not set, guessed timezone Europe/London. Please set date.timezone="Europe/London" in php.ini!
Tue Jun  7 17:46:58 2016 [21631][-none-][FATAL] Configuration variable date.timezone is not set, guessed timezone Europe/London. Please set date.timezone="Europe/London" in php.ini!
Tue Jun  7 17:46:58 2016 [21631][-none-][FATAL] Configuration variable date.timezone is not set, guessed timezone Europe/London. Please set date.timezone="Europe/London" in php.ini!
Tue Jun  7 17:46:58 2016 [21624][-none-][FATAL] Configuration variable date.timezone is not set, guessed timezone Europe/London. Please set date.timezone="Europe/London" in php.ini!
Tue Jun  7 17:46:59 2016 [21627][-none-][FATAL] Configuration variable date.timezone is not set, guessed timezone Europe/London. Please set date.timezone="Europe/London" in php.ini!
Tue Jun  7 17:46:59 2016 [21624][-none-][FATAL] Configuration variable date.timezone is not set, guessed timezone Europe/London. Please set date.timezone="Europe/London" in php.ini!
Tue Jun  7 17:47:43 2016 [27015][-none-][FATAL] Configuration variable date.timezone is not set, guessed timezone Europe/London. Please set date.timezone="Europe/London" in php.ini!
Tue Jun  7 17:47:43 2016 [27015][-none-][FATAL] Configuration variable date.timezone is not set, guessed timezone Europe/London. Please set date.timezone="Europe/London" in php.ini!
Tue Jun  7 17:47:44 2016 [21623][-none-][FATAL] Configuration variable date.timezone is not set, guessed timezone Europe/London. Please set date.timezone="Europe/London" in php.ini!
Tue Jun  7 17:47:48 2016 [21623][-none-][FATAL] Configuration variable date.timezone is not set, guessed timezone Europe/London. Please set date.timezone="Europe/London" in php.ini!
Tue Jun  7 17:47:48 2016 [21623][-none-][FATAL] Configuration variable date.timezone is not set, guessed timezone Europe/London. Please set date.timezone="Europe/London" in php.ini!
Tue Jun  7 17:47:48 2016 [30849][-none-][FATAL] Configuration variable date.timezone is not set, guessed timezone Europe/London. Please set date.timezone="Europe/London" in php.ini!
Tue Jun  7 17:47:49 2016 [30849][-none-][FATAL] Configuration variable date.timezone is not set, guessed timezone Europe/London. Please set date.timezone="Europe/London" in php.ini!
Tue Jun  7 17:47:49 2016 [21623][-none-][FATAL] Configuration variable date.timezone is not set, guessed timezone Europe/London. Please set date.timezone="Europe/London" in php.ini!
Tue Jun  7 17:47:49 2016 [21623][-none-][FATAL] Configuration variable date.timezone is not set, guessed timezone Europe/London. Please set date.timezone="Europe/London" in php.ini!
Tue Jun  7 17:47:50 2016 [21623][-none-][FATAL] Configuration variable date.timezone is not set, guessed timezone Europe/London. Please set date.timezone="Europe/London" in php.ini!
Tue Jun  7 17:47:50 2016 [30849][-none-][FATAL] Configuration variable date.timezone is not set, guessed timezone Europe/London. Please set date.timezone="Europe/London" in php.ini!
Tue Jun  7 17:47:50 2016 [21647][-none-][FATAL] Configuration variable date.timezone is not set, guessed timezone Europe/London. Please set date.timezone="Europe/London" in php.ini!
Tue Jun  7 17:47:50 2016 [21623][-none-][FATAL] Configuration variable date.timezone is not set, guessed timezone Europe/London. Please set date.timezone="Europe/London" in php.ini!
Tue Jun  7 17:47:50 2016 [21623][-none-][FATAL] Configuration variable date.timezone is not set, guessed timezone Europe/London. Please set date.timezone="Europe/London" in php.ini!
Tue Jun  7 17:47:50 2016 [21647][-none-][FATAL] Configuration variable date.timezone is not set, guessed timezone Europe/London. Please set date.timezone="Europe/London" in php.ini!
Tue Jun  7 17:47:50 2016 [30849][-none-][FATAL] Configuration variable date.timezone is not set, guessed timezone Europe/London. Please set date.timezone="Europe/London" in php.ini!
Tue Jun  7 17:47:50 2016 [21623][-none-][FATAL] Configuration variable date.timezone is not set, guessed timezone Europe/London. Please set date.timezone="Europe/London" in php.ini!
Tue Jun  7 17:47:50 2016 [30849][-none-][FATAL] Configuration variable date.timezone is not set, guessed timezone Europe/London. Please set date.timezone="Europe/London" in php.ini!
Tue Jun  7 17:47:50 2016 [30849][-none-][FATAL] Configuration variable date.timezone is not set, guessed timezone Europe/London. Please set date.timezone="Europe/London" in php.ini!
Tue Jun  7 17:47:51 2016 [21623][-none-][FATAL] Configuration variable date.timezone is not set, guessed timezone Europe/London. Please set date.timezone="Europe/London" in php.ini!
Tue Jun  7 17:47:51 2016 [30849][-none-][FATAL] Configuration variable date.timezone is not set, guessed timezone Europe/London. Please set date.timezone="Europe/London" in php.ini!
Tue Jun  7 17:47:51 2016 [21623][-none-][FATAL] Configuration variable date.timezone is not set, guessed timezone Europe/London. Please set date.timezone="Europe/London" in php.ini!
Tue Jun  7 17:49:17 2016 [21624][-none-][FATAL] Configuration variable date.timezone is not set, guessed timezone Europe/London. Please set date.timezone="Europe/London" in php.ini!
Tue Jun  7 17:49:17 2016 [21624][-none-][FATAL] Configuration variable date.timezone is not set, guessed timezone Europe/London. Please set date.timezone="Europe/London" in php.ini!
Tue Jun  7 17:49:17 2016 [21624][-none-][FATAL] Configuration variable date.timezone is not set, guessed timezone Europe/London. Please set date.timezone="Europe/London" in php.ini!
Tue Jun  7 17:49:17 2016 [21624][-none-][FATAL] Configuration variable date.timezone is not set, guessed timezone Europe/London. Please set date.timezone="Europe/London" in php.ini!
Tue Jun  7 17:49:20 2016 [21625][-none-][FATAL] Configuration variable date.timezone is not set, guessed timezone Europe/London. Please set date.timezone="Europe/London" in php.ini!
Tue Jun  7 17:49:20 2016 [21624][-none-][FATAL] Configuration variable date.timezone is not set, guessed timezone Europe/London. Please set date.timezone="Europe/London" in php.ini!
Tue Jun  7 17:49:20 2016 [30907][-none-][FATAL] Configuration variable date.timezone is not set, guessed timezone Europe/London. Please set date.timezone="Europe/London" in php.ini!
Tue Jun  7 17:49:21 2016 [30907][-none-][FATAL] Configuration variable date.timezone is not set, guessed timezone Europe/London. Please set date.timezone="Europe/London" in php.ini!
Tue Jun  7 17:50:22 2016 [27015][-none-][FATAL] Configuration variable date.timezone is not set, guessed timezone Europe/London. Please set date.timezone="Europe/London" in php.ini!
Tue Jun  7 17:52:50 2016 [30847][-none-][FATAL] Configuration variable date.timezone is not set, guessed timezone Europe/London. Please set date.timezone="Europe/London" in php.ini!
Tue Jun  7 17:52:50 2016 [30848][-none-][FATAL] Configuration variable date.timezone is not set, guessed timezone Europe/London. Please set date.timezone="Europe/London" in php.ini!
Tue Jun  7 17:52:50 2016 [21647][-none-][FATAL] Configuration variable date.timezone is not set, guessed timezone Europe/London. Please set date.timezone="Europe/London" in php.ini!
Tue Jun  7 17:52:51 2016 [21647][-none-][FATAL] Configuration variable date.timezone is not set, guessed timezone Europe/London. Please set date.timezone="Europe/London" in php.ini!
Tue Jun  7 17:56:09 2016 [21623][-none-][FATAL] Configuration variable date.timezone is not set, guessed timezone Europe/London. Please set date.timezone="Europe/London" in php.ini!
Tue Jun  7 17:56:24 2016 [30849][-none-][FATAL] Configuration variable date.timezone is not set, guessed timezone Europe/London. Please set date.timezone="Europe/London" in php.ini!
Tue Jun  7 17:56:24 2016 [21627][-none-][FATAL] Configuration variable date.timezone is not set, guessed timezone Europe/London. Please set date.timezone="Europe/London" in php.ini!
Wed Jun  8 09:32:17 2016 [3187][-none-][FATAL] Configuration variable date.timezone is not set, guessed timezone Europe/London. Please set date.timezone="Europe/London" in php.ini!
Wed Jun  8 09:32:24 2016 [2272][-none-][FATAL] Configuration variable date.timezone is not set, guessed timezone Europe/London. Please set date.timezone="Europe/London" in php.ini!
